2025-07-26 17:25:43 - BSPWM Setup: Detected 1 monitor(s): eDP-1
2025-07-26 17:25:43 - BSPWM Setup: Single monitor setup: all 10 desktops on eDP-1
2025-07-26 17:25:43 - BSPWM Setup: Primary monitor set to eDP-1
2025-07-26 17:25:43 - BSPWM Setup: Monitor setup completed successfully
2025-07-26 17:25:44 - BSPWM Setup: Detected 1 monitor(s): eDP-1
2025-07-26 17:25:44 - BSPWM Setup: Single monitor setup: all 10 desktops on eDP-1
2025-07-26 17:25:44 - BSPWM Setup: Primary monitor set to eDP-1
2025-07-26 17:25:44 - BSPWM Setup: Monitor setup completed successfully
2025-07-27 15:44:34 - BSPWM Setup: Detected 1 monitor(s): eDP-1
2025-07-27 15:44:34 - BSPWM Setup: Single monitor setup: all 10 desktops on 
2025-07-27 15:44:34 - BSPWM Setup: Primary monitor set to 
2025-07-27 15:44:34 - BSPWM Setup: Monitor setup completed successfully
2025-07-27 19:26:47 - BSPWM Setup: Detected 1 monitor(s): eDP-1
2025-07-27 19:26:47 - BSPWM Setup: Single monitor setup: all 10 desktops on eDP-1
2025-07-27 19:26:47 - BSPWM Setup: Primary monitor set to eDP-1
2025-07-27 19:26:47 - BSPWM Setup: Monitor setup completed successfully
2025-07-27 19:26:48 - BSPWM Setup: Detected 1 monitor(s): eDP-1
2025-07-27 19:26:48 - BSPWM Setup: Single monitor setup: all 10 desktops on eDP-1
2025-07-27 19:26:48 - BSPWM Setup: Primary monitor set to eDP-1
2025-07-27 19:26:48 - BSPWM Setup: Monitor setup completed successfully
2025-07-27 23:12:49 - BSPWM Setup: Detected 1 monitor(s): eDP-1
2025-07-27 23:12:49 - BSPWM Setup: Single monitor setup: all 10 desktops on eDP-1
2025-07-27 23:12:49 - BSPWM Setup: Primary monitor set to eDP-1
2025-07-27 23:12:49 - BSPWM Setup: Monitor setup completed successfully
2025-07-28 08:19:30 - BSPWM Setup: Detected 2 monitor(s): eDP-1 HDMI-1
2025-07-28 08:19:30 - BSPWM Setup: Dual monitor setup: 5 desktops per monitor
2025-07-28 08:19:30 - BSPWM Setup: Primary monitor set to eDP-1
2025-07-28 08:19:30 - BSPWM Setup: Monitor setup completed successfully
2025-07-28 08:23:03 - BSPWM Setup: Detected 2 monitor(s): eDP-1 HDMI-1
2025-07-28 08:23:03 - BSPWM Setup: Dual monitor setup: 5 desktops per monitor
2025-07-28 08:23:03 - BSPWM Setup: Primary monitor set to eDP-1
2025-07-28 08:23:03 - BSPWM Setup: Monitor setup completed successfully
2025-07-28 16:54:43 - BSPWM Setup: Detected 1 monitor(s): eDP-1
2025-07-28 16:54:43 - BSPWM Setup: Single monitor setup: all 10 desktops on eDP-1
2025-07-28 16:54:43 - BSPWM Setup: Primary monitor set to eDP-1
2025-07-28 16:54:43 - BSPWM Setup: Monitor setup completed successfully
2025-07-28 16:55:12 - BSPWM Setup: Detected 1 monitor(s): eDP-1
2025-07-28 16:55:12 - BSPWM Setup: Single monitor setup: all 10 desktops on eDP-1
2025-07-28 16:55:12 - BSPWM Setup: Primary monitor set to eDP-1
2025-07-28 16:55:12 - BSPWM Setup: Monitor setup completed successfully
2025-07-28 19:48:59 - BSPWM Setup: Detected 2 monitor(s): eDP-1 HDMI-1
2025-07-28 19:48:59 - BSPWM Setup: Dual monitor setup: 5 desktops per monitor
2025-07-28 19:48:59 - BSPWM Setup: Primary monitor set to eDP-1
2025-07-28 19:48:59 - BSPWM Setup: Monitor setup completed successfully
2025-07-29 10:45:34 - BSPWM Setup: Detected 2 monitor(s): eDP-1 HDMI-1
2025-07-29 10:45:34 - BSPWM Setup: Dual monitor setup: 5 desktops per monitor
2025-07-29 10:45:34 - BSPWM Setup: Primary monitor set to eDP-1
2025-07-29 10:45:34 - BSPWM Setup: Monitor setup completed successfully
2025-07-29 22:21:42 - BSPWM Setup: Detected 2 monitor(s): eDP-1 HDMI-1
2025-07-29 22:21:42 - BSPWM Setup: Dual monitor setup: 5 desktops per monitor
2025-07-29 22:21:42 - BSPWM Setup: Primary monitor set to eDP-1
2025-07-29 22:21:42 - BSPWM Setup: Monitor setup completed successfully
2025-07-29 23:09:08 - BSPWM Setup: Detected 2 monitor(s): eDP-1 HDMI-1
2025-07-29 23:09:08 - BSPWM Setup: Dual monitor setup: 5 desktops per monitor
2025-07-29 23:09:08 - BSPWM Setup: Primary monitor set to eDP-1
2025-07-29 23:09:08 - BSPWM Setup: Monitor setup completed successfully
2025-07-31 21:36:30 - BSPWM Setup: Detected 2 monitor(s): eDP-1 HDMI-1
2025-07-31 21:36:30 - BSPWM Setup: Dual monitor setup: 5 desktops per monitor
2025-07-31 21:36:30 - BSPWM Setup: Primary monitor set to eDP-1
2025-07-31 21:36:30 - BSPWM Setup: Monitor setup completed successfully
2025-08-01 09:43:21 - BSPWM Setup: Detected 2 monitor(s): eDP-1 HDMI-1
2025-08-01 09:43:21 - BSPWM Setup: Dual monitor setup: 5 desktops per monitor
2025-08-01 09:43:21 - BSPWM Setup: Primary monitor set to eDP-1
2025-08-01 09:43:21 - BSPWM Setup: Monitor setup completed successfully
2025-08-01 09:44:00 - BSPWM Setup: Detected 2 monitor(s): eDP-1 HDMI-1
2025-08-01 09:44:00 - BSPWM Setup: Dual monitor setup: 5 desktops per monitor
2025-08-01 09:44:00 - BSPWM Setup: Primary monitor set to eDP-1
2025-08-01 09:44:00 - BSPWM Setup: Monitor setup completed successfully
2025-08-01 19:51:40 - BSPWM Setup: Detected 2 monitor(s): eDP-1 HDMI-1
2025-08-01 19:51:40 - BSPWM Setup: Dual monitor setup: 5 desktops per monitor
2025-08-01 19:51:40 - BSPWM Setup: Primary monitor set to eDP-1
2025-08-01 19:51:40 - BSPWM Setup: Monitor setup completed successfully
2025-08-01 21:57:53 - BSPWM Setup: Detected 1 monitor(s): eDP-1
2025-08-01 21:57:53 - BSPWM Setup: Single monitor setup: all 10 desktops on eDP-1
2025-08-01 21:57:53 - BSPWM Setup: Primary monitor set to eDP-1
2025-08-01 21:57:53 - BSPWM Setup: Monitor setup completed successfully
2025-08-01 22:04:23 - BSPWM Setup: Detected 1 monitor(s): eDP-1
2025-08-01 22:04:23 - BSPWM Setup: Single monitor setup: all 10 desktops on eDP-1
2025-08-01 22:04:23 - BSPWM Setup: Primary monitor set to eDP-1
2025-08-01 22:04:23 - BSPWM Setup: Monitor setup completed successfully
2025-08-02 11:10:03 - BSPWM Setup: Detected 2 monitor(s): eDP-1 HDMI-1
2025-08-02 11:10:03 - BSPWM Setup: Dual monitor setup: 5 desktops per monitor
2025-08-02 11:10:04 - BSPWM Setup: Primary monitor set to eDP-1
2025-08-02 11:10:04 - BSPWM Setup: Monitor setup completed successfully
2025-08-02 11:25:34 - BSPWM Setup: Detected 2 monitor(s): eDP-1 HDMI-1
2025-08-02 11:25:34 - BSPWM Setup: Dual monitor setup: 5 desktops per monitor
2025-08-02 11:25:34 - BSPWM Setup: Primary monitor set to eDP-1
2025-08-02 11:25:34 - BSPWM Setup: Monitor setup completed successfully
2025-08-02 11:26:03 - BSPWM Setup: Detected 2 monitor(s): eDP-1 HDMI-1
2025-08-02 11:26:03 - BSPWM Setup: Dual monitor setup: 5 desktops per monitor
2025-08-02 11:26:03 - BSPWM Setup: Primary monitor set to eDP-1
2025-08-02 11:26:03 - BSPWM Setup: Monitor setup completed successfully
2025-08-02 11:27:51 - BSPWM Setup: Detected 2 monitor(s): eDP-1 HDMI-1
2025-08-02 11:27:52 - BSPWM Setup: Dual monitor setup: 5 desktops per monitor
2025-08-02 11:27:52 - BSPWM Setup: Primary monitor set to eDP-1
2025-08-02 11:27:52 - BSPWM Setup: Monitor setup completed successfully
2025-08-04 09:47:16 - BSPWM Setup: Detected 2 monitor(s): eDP-1 HDMI-1
2025-08-04 09:47:16 - BSPWM Setup: Dual monitor setup: 5 desktops per monitor
2025-08-04 09:47:16 - BSPWM Setup: Primary monitor set to eDP-1
2025-08-04 09:47:16 - BSPWM Setup: Monitor setup completed successfully
2025-08-04 09:47:42 - BSPWM Setup: Detected 2 monitor(s): eDP-1 HDMI-1
2025-08-04 09:47:42 - BSPWM Setup: Dual monitor setup: 5 desktops per monitor
2025-08-04 09:47:42 - BSPWM Setup: Primary monitor set to eDP-1
2025-08-04 09:47:42 - BSPWM Setup: Monitor setup completed successfully
2025-08-04 09:47:59 - BSPWM Setup: Detected 2 monitor(s): eDP-1 HDMI-1
2025-08-04 09:47:59 - BSPWM Setup: Dual monitor setup: 5 desktops per monitor
2025-08-04 09:47:59 - BSPWM Setup: Primary monitor set to eDP-1
2025-08-04 09:47:59 - BSPWM Setup: Monitor setup completed successfully
2025-08-04 18:27:46 - BSPWM Setup: Detected 2 monitor(s): eDP-1 HDMI-1
2025-08-04 18:27:46 - BSPWM Setup: Dual monitor setup: 5 desktops per monitor
2025-08-04 18:27:46 - BSPWM Setup: Primary monitor set to eDP-1
2025-08-04 18:27:46 - BSPWM Setup: Monitor setup completed successfully
2025-08-04 18:49:12 - BSPWM Setup: Detected 2 monitor(s): eDP-1 HDMI-1
2025-08-04 18:49:12 - BSPWM Setup: Dual monitor setup: 5 desktops per monitor
2025-08-04 18:49:12 - BSPWM Setup: Primary monitor set to eDP-1
2025-08-04 18:49:12 - BSPWM Setup: Monitor setup completed successfully
2025-08-04 19:34:13 - BSPWM Setup: Detected 2 monitor(s): eDP-1 HDMI-1
2025-08-04 19:34:13 - BSPWM Setup: Dual monitor setup: 5 desktops per monitor
2025-08-04 19:34:13 - BSPWM Setup: Primary monitor set to eDP-1
2025-08-04 19:34:13 - BSPWM Setup: Monitor setup completed successfully
2025-08-05 18:16:24 - BSPWM Setup: Detected 2 monitor(s): eDP-1 HDMI-1
2025-08-05 18:16:24 - BSPWM Setup: Dual monitor setup: 5 desktops per monitor
2025-08-05 18:16:24 - BSPWM Setup: Primary monitor set to eDP-1
2025-08-05 18:16:24 - BSPWM Setup: Monitor setup completed successfully
2025-08-05 18:37:31 - BSPWM Setup: Detected 2 monitor(s): eDP-1 HDMI-1
2025-08-05 18:37:31 - BSPWM Setup: Dual monitor setup: 5 desktops per monitor
2025-08-05 18:37:31 - BSPWM Setup: Primary monitor set to eDP-1
2025-08-05 18:37:31 - BSPWM Setup: Monitor setup completed successfully
2025-08-05 18:43:16 - BSPWM Setup: Detected 2 monitor(s): eDP-1 HDMI-1
2025-08-05 18:43:16 - BSPWM Setup: Dual monitor setup: 5 desktops per monitor
2025-08-05 18:43:16 - BSPWM Setup: Primary monitor set to eDP-1
2025-08-05 18:43:16 - BSPWM Setup: Monitor setup completed successfully
2025-08-07 17:12:53 - BSPWM Setup: Detected 2 monitor(s): eDP-1 HDMI-1
2025-08-07 17:12:53 - BSPWM Setup: Dual monitor setup: 5 desktops per monitor
2025-08-07 17:12:53 - BSPWM Setup: Primary monitor set to eDP-1
2025-08-07 17:12:53 - BSPWM Setup: Monitor setup completed successfully
2025-08-08 08:58:21 - BSPWM Setup: Detected 2 monitor(s): eDP-1 HDMI-1
2025-08-08 08:58:21 - BSPWM Setup: Dual monitor setup: 5 desktops per monitor
2025-08-08 08:58:21 - BSPWM Setup: Primary monitor set to eDP-1
2025-08-08 08:58:21 - BSPWM Setup: Monitor setup completed successfully
2025-08-08 08:59:14 - BSPWM Setup: Detected 2 monitor(s): eDP-1 HDMI-1
2025-08-08 08:59:14 - BSPWM Setup: Dual monitor setup: 5 desktops per monitor
2025-08-08 08:59:14 - BSPWM Setup: Primary monitor set to eDP-1
2025-08-08 08:59:14 - BSPWM Setup: Monitor setup completed successfully
2025-08-09 00:13:46 - BSPWM Setup: Detected 1 monitor(s): eDP-1
2025-08-09 00:13:46 - BSPWM Setup: Single monitor setup: all 10 desktops on eDP-1
2025-08-09 00:13:46 - BSPWM Setup: Primary monitor set to eDP-1
2025-08-09 00:13:46 - BSPWM Setup: Monitor setup completed successfully
2025-08-09 00:14:26 - BSPWM Setup: Detected 1 monitor(s): eDP-1
2025-08-09 00:14:26 - BSPWM Setup: Single monitor setup: all 10 desktops on eDP-1
2025-08-09 00:14:26 - BSPWM Setup: Primary monitor set to eDP-1
2025-08-09 00:14:26 - BSPWM Setup: Monitor setup completed successfully
2025-08-09 18:24:09 - BSPWM Setup: Detected 1 monitor(s): eDP-1
2025-08-09 18:24:09 - BSPWM Setup: Single monitor setup: all 10 desktops on eDP-1
2025-08-09 18:24:09 - BSPWM Setup: Primary monitor set to eDP-1
2025-08-09 18:24:09 - BSPWM Setup: Monitor setup completed successfully
2025-08-09 18:41:48 - BSPWM Setup: Detected 1 monitor(s): eDP-1
2025-08-09 18:41:48 - BSPWM Setup: Single monitor setup: all 10 desktops on eDP-1
2025-08-09 18:41:48 - BSPWM Setup: Primary monitor set to eDP-1
2025-08-09 18:41:48 - BSPWM Setup: Monitor setup completed successfully
2025-08-09 20:33:04 - BSPWM Setup: Detected 1 monitor(s): eDP-1
2025-08-09 20:33:04 - BSPWM Setup: Single monitor setup: all 10 desktops on eDP-1
2025-08-09 20:33:04 - BSPWM Setup: Primary monitor set to eDP-1
2025-08-09 20:33:04 - BSPWM Setup: Monitor setup completed successfully
2025-08-10 21:59:29 - BSPWM Setup: Detected 1 monitor(s): eDP-1
2025-08-10 21:59:29 - BSPWM Setup: Single monitor setup: all 10 desktops on eDP-1
2025-08-10 21:59:29 - BSPWM Setup: Primary monitor set to eDP-1
2025-08-10 21:59:29 - BSPWM Setup: Monitor setup completed successfully
2025-08-11 09:22:44 - BSPWM Setup: Detected 2 monitor(s): eDP-1 HDMI-1
2025-08-11 09:22:44 - BSPWM Setup: Dual monitor setup: 5 desktops per monitor
2025-08-11 09:22:44 - BSPWM Setup: Primary monitor set to eDP-1
2025-08-11 09:22:44 - BSPWM Setup: Monitor setup completed successfully
2025-08-11 16:08:04 - BSPWM Setup: Detected 2 monitor(s): eDP-1 HDMI-1
2025-08-11 16:08:04 - BSPWM Setup: Dual monitor setup: 5 desktops per monitor
2025-08-11 16:08:04 - BSPWM Setup: Primary monitor set to eDP-1
2025-08-11 16:08:04 - BSPWM Setup: Monitor setup completed successfully
2025-08-11 18:11:20 - BSPWM Setup: Detected 1 monitor(s): eDP-1
2025-08-11 18:11:20 - BSPWM Setup: Single monitor setup: all 10 desktops on eDP-1
2025-08-11 18:11:20 - BSPWM Setup: Primary monitor set to eDP-1
2025-08-11 18:11:20 - BSPWM Setup: Monitor setup completed successfully
2025-08-11 18:11:41 - BSPWM Setup: Detected 1 monitor(s): eDP-1
2025-08-11 18:11:41 - BSPWM Setup: Single monitor setup: all 10 desktops on eDP-1
2025-08-11 18:11:41 - BSPWM Setup: Primary monitor set to eDP-1
2025-08-11 18:11:41 - BSPWM Setup: Monitor setup completed successfully
2025-08-12 08:43:59 - BSPWM Setup: Detected 1 monitor(s): eDP-1
2025-08-12 08:43:59 - BSPWM Setup: Single monitor setup: all 10 desktops on eDP-1
2025-08-12 08:43:59 - BSPWM Setup: Primary monitor set to eDP-1
2025-08-12 08:43:59 - BSPWM Setup: Monitor setup completed successfully
2025-08-12 10:34:41 - BSPWM Setup: Detected 2 monitor(s): eDP-1 HDMI-1
2025-08-12 10:34:41 - BSPWM Setup: Dual monitor setup: 5 desktops per monitor
2025-08-12 10:34:41 - BSPWM Setup: Primary monitor set to eDP-1
2025-08-12 10:34:41 - BSPWM Setup: Monitor setup completed successfully
2025-08-12 10:39:42 - BSPWM Setup: Detected 2 monitor(s): eDP-1 HDMI-1
2025-08-12 10:39:42 - BSPWM Setup: Dual monitor setup: 5 desktops per monitor
2025-08-12 10:39:42 - BSPWM Setup: Primary monitor set to eDP-1
2025-08-12 10:39:42 - BSPWM Setup: Monitor setup completed successfully
2025-08-13 15:37:27 - BSPWM Setup: Detected 2 monitor(s): eDP-1 HDMI-1
2025-08-13 15:37:27 - BSPWM Setup: Dual monitor setup: 5 desktops per monitor
2025-08-13 15:37:27 - BSPWM Setup: Primary monitor set to eDP-1
2025-08-13 15:37:27 - BSPWM Setup: Monitor setup completed successfully
2025-08-13 15:58:27 - BSPWM Setup: Detected 2 monitor(s): eDP-1 HDMI-1
2025-08-13 15:58:28 - BSPWM Setup: Dual monitor setup: 5 desktops per monitor
2025-08-13 15:58:28 - BSPWM Setup: Primary monitor set to eDP-1
2025-08-13 15:58:28 - BSPWM Setup: Monitor setup completed successfully
2025-08-13 20:29:35 - BSPWM Setup: Detected 2 monitor(s): eDP-1 HDMI-1
2025-08-13 20:29:35 - BSPWM Setup: Dual monitor setup: 5 desktops per monitor
2025-08-13 20:29:35 - BSPWM Setup: Primary monitor set to eDP-1
2025-08-13 20:29:35 - BSPWM Setup: Monitor setup completed successfully
2025-08-14 14:41:46 - BSPWM Setup: Detected 2 monitor(s): eDP-1 HDMI-1
2025-08-14 14:41:46 - BSPWM Setup: Dual monitor setup: 5 desktops per monitor
2025-08-14 14:41:46 - BSPWM Setup: Primary monitor set to eDP-1
2025-08-14 14:41:46 - BSPWM Setup: Monitor setup completed successfully
2025-08-14 22:39:12 - BSPWM Setup: Detected 1 monitor(s): eDP-1
2025-08-14 22:39:12 - BSPWM Setup: Single monitor setup: all 10 desktops on eDP-1
2025-08-14 22:39:12 - BSPWM Setup: Primary monitor set to eDP-1
2025-08-14 22:39:12 - BSPWM Setup: Monitor setup completed successfully
2025-08-15 09:18:45 - BSPWM Setup: Detected 2 monitor(s): eDP-1 HDMI-1
2025-08-15 09:18:45 - BSPWM Setup: Dual monitor setup: 5 desktops per monitor
2025-08-15 09:18:45 - BSPWM Setup: Primary monitor set to eDP-1
2025-08-15 09:18:45 - BSPWM Setup: Monitor setup completed successfully
2025-08-15 09:19:42 - BSPWM Setup: Detected 2 monitor(s): eDP-1 HDMI-1
2025-08-15 09:19:42 - BSPWM Setup: Dual monitor setup: 5 desktops per monitor
2025-08-15 09:19:42 - BSPWM Setup: Primary monitor set to eDP-1
2025-08-15 09:19:42 - BSPWM Setup: Monitor setup completed successfully
2025-08-15 10:14:59 - BSPWM Setup: Detected 2 monitor(s): eDP-1 HDMI-1
2025-08-15 10:14:59 - BSPWM Setup: Dual monitor setup: 5 desktops per monitor
2025-08-15 10:14:59 - BSPWM Setup: Primary monitor set to eDP-1
2025-08-15 10:14:59 - BSPWM Setup: Monitor setup completed successfully
2025-08-15 11:18:50 - BSPWM Setup: Detected 2 monitor(s): eDP-1 HDMI-1
2025-08-15 11:18:50 - BSPWM Setup: Dual monitor setup: 5 desktops per monitor
2025-08-15 11:18:50 - BSPWM Setup: Primary monitor set to eDP-1
2025-08-15 11:18:50 - BSPWM Setup: Monitor setup completed successfully
2025-08-15 11:27:54 - BSPWM Setup: Detected 2 monitor(s): eDP-1 HDMI-1
2025-08-15 11:27:54 - BSPWM Setup: Dual monitor setup: 5 desktops per monitor
2025-08-15 11:27:54 - BSPWM Setup: Primary monitor set to eDP-1
2025-08-15 11:27:54 - BSPWM Setup: Monitor setup completed successfully
2025-08-15 15:20:37 - BSPWM Setup: Detected 2 monitor(s): eDP-1 HDMI-1
2025-08-15 15:20:37 - BSPWM Setup: Dual monitor setup: 5 desktops per monitor
2025-08-15 15:20:37 - BSPWM Setup: Primary monitor set to eDP-1
2025-08-15 15:20:37 - BSPWM Setup: Monitor setup completed successfully
2025-08-15 15:21:46 - BSPWM Setup: Detected 2 monitor(s): eDP-1 HDMI-1
2025-08-15 15:21:46 - BSPWM Setup: Dual monitor setup: 5 desktops per monitor
2025-08-15 15:21:46 - BSPWM Setup: Primary monitor set to eDP-1
2025-08-15 15:21:46 - BSPWM Setup: Monitor setup completed successfully
2025-08-15 20:05:07 - BSPWM Setup: Detected 1 monitor(s): eDP-1
2025-08-15 20:05:07 - BSPWM Setup: Single monitor setup: all 10 desktops on eDP-1
2025-08-15 20:05:07 - BSPWM Setup: Primary monitor set to eDP-1
2025-08-15 20:05:07 - BSPWM Setup: Monitor setup completed successfully
2025-08-15 20:05:25 - BSPWM Setup: Detected 1 monitor(s): eDP-1
2025-08-15 20:05:25 - BSPWM Setup: Single monitor setup: all 10 desktops on eDP-1
2025-08-15 20:05:25 - BSPWM Setup: Primary monitor set to eDP-1
2025-08-15 20:05:25 - BSPWM Setup: Monitor setup completed successfully
2025-08-16 12:13:29 - BSPWM Setup: Detected 1 monitor(s): eDP-1
2025-08-16 12:13:29 - BSPWM Setup: Single monitor setup: all 10 desktops on eDP-1
2025-08-16 12:13:29 - BSPWM Setup: Primary monitor set to eDP-1
2025-08-16 12:13:29 - BSPWM Setup: Monitor setup completed successfully
2025-08-17 13:57:43 - BSPWM Setup: Detected 1 monitor(s): eDP-1
2025-08-17 13:57:43 - BSPWM Setup: Single monitor setup: all 10 desktops on eDP-1
2025-08-17 13:57:43 - BSPWM Setup: Primary monitor set to eDP-1
2025-08-17 13:57:43 - BSPWM Setup: Monitor setup completed successfully
2025-08-18 08:32:39 - BSPWM Setup: Detected 2 monitor(s): eDP-1 HDMI-1
2025-08-18 08:32:39 - BSPWM Setup: Dual monitor setup: 5 desktops per monitor
2025-08-18 08:32:39 - BSPWM Setup: Primary monitor set to eDP-1
2025-08-18 08:32:39 - BSPWM Setup: Monitor setup completed successfully
2025-08-18 09:53:57 - BSPWM Setup: Detected 2 monitor(s): eDP-1 HDMI-1
2025-08-18 09:53:57 - BSPWM Setup: Dual monitor setup: 5 desktops per monitor
2025-08-18 09:53:57 - BSPWM Setup: Primary monitor set to eDP-1
2025-08-18 09:53:57 - BSPWM Setup: Monitor setup completed successfully
2025-08-19 10:15:33 - BSPWM Setup: Detected 2 monitor(s): eDP-1 HDMI-1
2025-08-19 10:15:33 - BSPWM Setup: Dual monitor setup: 5 desktops per monitor
2025-08-19 10:15:33 - BSPWM Setup: Primary monitor set to eDP-1
2025-08-19 10:15:33 - BSPWM Setup: Monitor setup completed successfully
2025-08-19 16:53:25 - BSPWM Setup: Detected 2 monitor(s): eDP-1 HDMI-1
2025-08-19 16:53:26 - BSPWM Setup: Dual monitor setup: 5 desktops per monitor
2025-08-19 16:53:26 - BSPWM Setup: Primary monitor set to eDP-1
2025-08-19 16:53:26 - BSPWM Setup: Monitor setup completed successfully
2025-08-20 08:52:15 - BSPWM Setup: Detected 2 monitor(s): eDP-1 HDMI-1
2025-08-20 08:52:15 - BSPWM Setup: Dual monitor setup: 5 desktops per monitor
2025-08-20 08:52:15 - BSPWM Setup: Primary monitor set to eDP-1
2025-08-20 08:52:15 - BSPWM Setup: Monitor setup completed successfully
2025-08-20 09:07:49 - BSPWM Setup: Detected 2 monitor(s): eDP-1 HDMI-1
2025-08-20 09:07:49 - BSPWM Setup: Dual monitor setup: 5 desktops per monitor
2025-08-20 09:07:49 - BSPWM Setup: Primary monitor set to eDP-1
2025-08-20 09:07:49 - BSPWM Setup: Monitor setup completed successfully
2025-08-20 12:15:16 - BSPWM Setup: Detected 2 monitor(s): eDP-1 HDMI-1
2025-08-20 12:15:16 - BSPWM Setup: Dual monitor setup: 5 desktops per monitor
2025-08-20 12:15:16 - BSPWM Setup: Primary monitor set to eDP-1
2025-08-20 12:15:16 - BSPWM Setup: Monitor setup completed successfully
2025-08-20 14:27:05 - BSPWM Setup: Detected 2 monitor(s): eDP-1 HDMI-1
2025-08-20 14:27:05 - BSPWM Setup: Dual monitor setup: 5 desktops per monitor
2025-08-20 14:27:05 - BSPWM Setup: Primary monitor set to eDP-1
2025-08-20 14:27:05 - BSPWM Setup: Monitor setup completed successfully
2025-08-20 18:12:50 - BSPWM Setup: Detected 1 monitor(s): eDP-1
2025-08-20 18:12:50 - BSPWM Setup: Single monitor setup: all 10 desktops on eDP-1
2025-08-20 18:12:50 - BSPWM Setup: Primary monitor set to eDP-1
2025-08-20 18:12:50 - BSPWM Setup: Monitor setup completed successfully
2025-08-20 20:33:01 - BSPWM Setup: Detected 1 monitor(s): eDP-1
2025-08-20 20:33:01 - BSPWM Setup: Single monitor setup: all 10 desktops on eDP-1
2025-08-20 20:33:01 - BSPWM Setup: Primary monitor set to eDP-1
2025-08-20 20:33:01 - BSPWM Setup: Monitor setup completed successfully
2025-08-21 11:08:37 - BSPWM Setup: Detected 2 monitor(s): eDP-1 HDMI-1
2025-08-21 11:08:37 - BSPWM Setup: Dual monitor setup: 5 desktops per monitor
2025-08-21 11:08:37 - BSPWM Setup: Primary monitor set to eDP-1
2025-08-21 11:08:37 - BSPWM Setup: Monitor setup completed successfully
2025-08-21 19:11:08 - BSPWM Setup: Detected 2 monitor(s): eDP-1 HDMI-1
2025-08-21 19:11:09 - BSPWM Setup: Dual monitor setup: 5 desktops per monitor
2025-08-21 19:11:09 - BSPWM Setup: Primary monitor set to eDP-1
2025-08-21 19:11:09 - BSPWM Setup: Monitor setup completed successfully
2025-08-23 22:16:45 - BSPWM Setup: Detected 2 monitor(s): eDP-1 HDMI-1
2025-08-23 22:16:45 - BSPWM Setup: Dual monitor setup: 5 desktops per monitor
2025-08-23 22:16:45 - BSPWM Setup: Primary monitor set to eDP-1
2025-08-23 22:16:45 - BSPWM Setup: Monitor setup completed successfully
2025-08-25 11:58:37 - BSPWM Setup: Detected 2 monitor(s): eDP-1 HDMI-1
2025-08-25 11:58:37 - BSPWM Setup: Dual monitor setup: 5 desktops per monitor
2025-08-25 11:58:37 - BSPWM Setup: Primary monitor set to eDP-1
2025-08-25 11:58:37 - BSPWM Setup: Monitor setup completed successfully
2025-08-25 11:59:57 - BSPWM Setup: Detected 2 monitor(s): eDP-1 HDMI-1
2025-08-25 11:59:57 - BSPWM Setup: Dual monitor setup: 5 desktops per monitor
2025-08-25 11:59:57 - BSPWM Setup: Primary monitor set to eDP-1
2025-08-25 11:59:57 - BSPWM Setup: Monitor setup completed successfully
2025-08-25 20:33:52 - BSPWM Setup: Detected 1 monitor(s): eDP-1
2025-08-25 20:33:52 - BSPWM Setup: Single monitor setup: all 10 desktops on eDP-1
2025-08-25 20:33:52 - BSPWM Setup: Primary monitor set to eDP-1
2025-08-25 20:33:52 - BSPWM Setup: Monitor setup completed successfully
2025-08-25 20:34:58 - BSPWM Setup: Detected 1 monitor(s): eDP-1
2025-08-25 20:34:58 - BSPWM Setup: Single monitor setup: all 10 desktops on eDP-1
2025-08-25 20:34:58 - BSPWM Setup: Primary monitor set to eDP-1
2025-08-25 20:34:58 - BSPWM Setup: Monitor setup completed successfully
2025-08-26 09:35:35 - BSPWM Setup: Detected 2 monitor(s): eDP-1 HDMI-1
2025-08-26 09:35:35 - BSPWM Setup: Dual monitor setup: 5 desktops per monitor
2025-08-26 09:35:35 - BSPWM Setup: Primary monitor set to eDP-1
2025-08-26 09:35:35 - BSPWM Setup: Monitor setup completed successfully
2025-08-27 20:43:29 - BSPWM Setup: Detected 2 monitor(s): eDP-1 HDMI-1
2025-08-27 20:43:29 - BSPWM Setup: Dual monitor setup: 5 desktops per monitor
2025-08-27 20:43:29 - BSPWM Setup: Primary monitor set to eDP-1
2025-08-27 20:43:29 - BSPWM Setup: Monitor setup completed successfully
2025-08-28 14:19:55 - BSPWM Setup: Detected 2 monitor(s): eDP-1 HDMI-1
2025-08-28 14:19:56 - BSPWM Setup: Dual monitor setup: 5 desktops per monitor
2025-08-28 14:19:56 - BSPWM Setup: Primary monitor set to eDP-1
2025-08-28 14:19:56 - BSPWM Setup: Monitor setup completed successfully
2025-08-29 09:19:25 - BSPWM Setup: Detected 2 monitor(s): eDP-1 HDMI-1
2025-08-29 09:19:25 - BSPWM Setup: Dual monitor setup: 5 desktops per monitor
2025-08-29 09:19:25 - BSPWM Setup: Primary monitor set to eDP-1
2025-08-29 09:19:25 - BSPWM Setup: Monitor setup completed successfully
2025-08-29 13:07:42 - BSPWM Setup: Detected 2 monitor(s): eDP-1 HDMI-1
2025-08-29 13:07:42 - BSPWM Setup: Dual monitor setup: 5 desktops per monitor
2025-08-29 13:07:42 - BSPWM Setup: Primary monitor set to eDP-1
2025-08-29 13:07:42 - BSPWM Setup: Monitor setup completed successfully
2025-08-30 13:04:35 - BSPWM Setup: Detected 1 monitor(s): eDP-1
2025-08-30 13:04:35 - BSPWM Setup: Single monitor setup: all 10 desktops on eDP-1
2025-08-30 13:04:35 - BSPWM Setup: Primary monitor set to eDP-1
2025-08-30 13:04:35 - BSPWM Setup: Monitor setup completed successfully
2025-08-30 18:22:47 - BSPWM Setup: Detected 2 monitor(s): eDP-1 HDMI-1
2025-08-30 18:22:47 - BSPWM Setup: Dual monitor setup: 5 desktops per monitor
2025-08-30 18:22:47 - BSPWM Setup: Primary monitor set to eDP-1
2025-08-30 18:22:47 - BSPWM Setup: Monitor setup completed successfully
2025-08-31 12:58:59 - BSPWM Setup: Detected 2 monitor(s): eDP-1 HDMI-1
2025-08-31 12:58:59 - BSPWM Setup: Dual monitor setup: 5 desktops per monitor
2025-08-31 12:58:59 - BSPWM Setup: Primary monitor set to eDP-1
2025-08-31 12:58:59 - BSPWM Setup: Monitor setup completed successfully
2025-08-31 21:17:36 - BSPWM Setup: Detected 1 monitor(s): eDP-1
2025-08-31 21:17:36 - BSPWM Setup: Single monitor setup: all 10 desktops on eDP-1
2025-08-31 21:17:36 - BSPWM Setup: Primary monitor set to eDP-1
2025-08-31 21:17:36 - BSPWM Setup: Monitor setup completed successfully
2025-09-01 11:01:38 - BSPWM Setup: Detected 2 monitor(s): eDP-1 HDMI-1
2025-09-01 11:01:38 - BSPWM Setup: Dual monitor setup: 5 desktops per monitor
2025-09-01 11:01:38 - BSPWM Setup: Primary monitor set to eDP-1
2025-09-01 11:01:38 - BSPWM Setup: Monitor setup completed successfully
2025-09-01 19:54:31 - BSPWM Setup: Detected 2 monitor(s): eDP-1 HDMI-1
2025-09-01 19:54:31 - BSPWM Setup: Dual monitor setup: 5 desktops per monitor
2025-09-01 19:54:31 - BSPWM Setup: Primary monitor set to eDP-1
2025-09-01 19:54:31 - BSPWM Setup: Monitor setup completed successfully
2025-09-03 07:45:23 - BSPWM Setup: Detected 2 monitor(s): eDP-1 HDMI-1
2025-09-03 07:45:23 - BSPWM Setup: Dual monitor setup: 5 desktops per monitor
2025-09-03 07:45:23 - BSPWM Setup: Primary monitor set to eDP-1
2025-09-03 07:45:23 - BSPWM Setup: Monitor setup completed successfully
2025-09-03 20:42:23 - BSPWM Setup: Detected 2 monitor(s): eDP-1 HDMI-1
2025-09-03 20:42:23 - BSPWM Setup: Dual monitor setup: 5 desktops per monitor
2025-09-03 20:42:23 - BSPWM Setup: Primary monitor set to eDP-1
2025-09-03 20:42:23 - BSPWM Setup: Monitor setup completed successfully
2025-09-04 19:00:14 - BSPWM Setup: Detected 1 monitor(s): eDP-1
2025-09-04 19:00:14 - BSPWM Setup: Single monitor setup: all 10 desktops on eDP-1
2025-09-04 19:00:14 - BSPWM Setup: Primary monitor set to eDP-1
2025-09-04 19:00:14 - BSPWM Setup: Monitor setup completed successfully
2025-09-04 20:03:33 - BSPWM Setup: Detected 1 monitor(s): eDP-1
2025-09-04 20:03:33 - BSPWM Setup: Single monitor setup: all 10 desktops on eDP-1
2025-09-04 20:03:33 - BSPWM Setup: Primary monitor set to eDP-1
2025-09-04 20:03:33 - BSPWM Setup: Monitor setup completed successfully
2025-09-05 09:49:30 - BSPWM Setup: Detected 2 monitor(s): eDP-1 HDMI-1
2025-09-05 09:49:30 - BSPWM Setup: Dual monitor setup: 5 desktops per monitor
2025-09-05 09:49:30 - BSPWM Setup: Primary monitor set to eDP-1
2025-09-05 09:49:30 - BSPWM Setup: Monitor setup completed successfully
2025-09-06 10:53:19 - BSPWM Setup: Detected 2 monitor(s): eDP-1 HDMI-1
2025-09-06 10:53:19 - BSPWM Setup: Dual monitor setup: 5 desktops per monitor
2025-09-06 10:53:19 - BSPWM Setup: Primary monitor set to eDP-1
2025-09-06 10:53:19 - BSPWM Setup: Monitor setup completed successfully
2025-09-07 13:41:12 - BSPWM Setup: Detected 1 monitor(s): eDP-1
2025-09-07 13:41:12 - BSPWM Setup: Single monitor setup: all 10 desktops on eDP-1
2025-09-07 13:41:12 - BSPWM Setup: Primary monitor set to eDP-1
2025-09-07 13:41:12 - BSPWM Setup: Monitor setup completed successfully
2025-09-07 16:49:40 - BSPWM Setup: Detected 2 monitor(s): eDP-1 HDMI-1
2025-09-07 16:49:40 - BSPWM Setup: Dual monitor setup: 5 desktops per monitor
2025-09-07 16:49:40 - BSPWM Setup: Primary monitor set to eDP-1
2025-09-07 16:49:40 - BSPWM Setup: Monitor setup completed successfully
2025-09-07 21:34:47 - BSPWM Setup: Detected 2 monitor(s): eDP-1 HDMI-1
2025-09-07 21:34:47 - BSPWM Setup: Dual monitor setup: 5 desktops per monitor
2025-09-07 21:34:47 - BSPWM Setup: Primary monitor set to eDP-1
2025-09-07 21:34:47 - BSPWM Setup: Monitor setup completed successfully
2025-09-08 08:42:38 - BSPWM Setup: Detected 2 monitor(s): eDP-1 HDMI-1
2025-09-08 08:42:38 - BSPWM Setup: Dual monitor setup: 5 desktops per monitor
2025-09-08 08:42:38 - BSPWM Setup: Primary monitor set to eDP-1
2025-09-08 08:42:38 - BSPWM Setup: Monitor setup completed successfully
2025-09-08 18:47:26 - BSPWM Setup: Detected 2 monitor(s): eDP-1 HDMI-1
2025-09-08 18:47:26 - BSPWM Setup: Dual monitor setup: 5 desktops per monitor
2025-09-08 18:47:26 - BSPWM Setup: Primary monitor set to eDP-1
2025-09-08 18:47:26 - BSPWM Setup: Monitor setup completed successfully
2025-09-08 19:28:00 - BSPWM Setup: Detected 2 monitor(s): eDP-1 HDMI-1
2025-09-08 19:28:00 - BSPWM Setup: Dual monitor setup: 5 desktops per monitor
2025-09-08 19:28:00 - BSPWM Setup: Primary monitor set to eDP-1
2025-09-08 19:28:00 - BSPWM Setup: Monitor setup completed successfully
2025-09-08 23:16:17 - BSPWM Setup: Detected 2 monitor(s): eDP-1 HDMI-1
2025-09-08 23:16:17 - BSPWM Setup: Dual monitor setup: 5 desktops per monitor
2025-09-08 23:16:17 - BSPWM Setup: Primary monitor set to eDP-1
2025-09-08 23:16:17 - BSPWM Setup: Monitor setup completed successfully
2025-09-09 17:38:11 - BSPWM Setup: Detected 2 monitor(s): eDP-1 HDMI-1
2025-09-09 17:38:11 - BSPWM Setup: Dual monitor setup: 5 desktops per monitor
2025-09-09 17:38:11 - BSPWM Setup: Primary monitor set to eDP-1
2025-09-09 17:38:11 - BSPWM Setup: Monitor setup completed successfully
2025-09-10 15:38:05 - BSPWM Setup: Detected 2 monitor(s): eDP-1 HDMI-1
2025-09-10 15:38:05 - BSPWM Setup: Dual monitor setup: 5 desktops per monitor
2025-09-10 15:38:05 - BSPWM Setup: Primary monitor set to eDP-1
2025-09-10 15:38:05 - BSPWM Setup: Monitor setup completed successfully
2025-09-10 18:31:39 - BSPWM Setup: Detected 2 monitor(s): eDP-1 HDMI-1
2025-09-10 18:31:39 - BSPWM Setup: Dual monitor setup: 5 desktops per monitor
2025-09-10 18:31:39 - BSPWM Setup: Primary monitor set to eDP-1
2025-09-10 18:31:39 - BSPWM Setup: Monitor setup completed successfully
2025-09-10 21:21:06 - BSPWM Setup: Detected 2 monitor(s): eDP-1 HDMI-1
2025-09-10 21:21:06 - BSPWM Setup: Dual monitor setup: 5 desktops per monitor
2025-09-10 21:21:06 - BSPWM Setup: Primary monitor set to eDP-1
2025-09-10 21:21:06 - BSPWM Setup: Monitor setup completed successfully
2025-09-11 09:06:20 - BSPWM Setup: Detected 2 monitor(s): eDP-1 HDMI-1
2025-09-11 09:06:20 - BSPWM Setup: Dual monitor setup: 5 desktops per monitor
2025-09-11 09:06:20 - BSPWM Setup: Primary monitor set to eDP-1
2025-09-11 09:06:20 - BSPWM Setup: Monitor setup completed successfully
2025-09-11 21:53:43 - BSPWM Setup: Detected 2 monitor(s): eDP-1 HDMI-1
2025-09-11 21:53:43 - BSPWM Setup: Dual monitor setup: 5 desktops per monitor
2025-09-11 21:53:43 - BSPWM Setup: Primary monitor set to eDP-1
2025-09-11 21:53:43 - BSPWM Setup: Monitor setup completed successfully
2025-09-12 10:25:02 - BSPWM Setup: Detected 2 monitor(s): eDP-1 HDMI-1
2025-09-12 10:25:02 - BSPWM Setup: Dual monitor setup: 5 desktops per monitor
2025-09-12 10:25:02 - BSPWM Setup: Primary monitor set to eDP-1
2025-09-12 10:25:02 - BSPWM Setup: Monitor setup completed successfully
2025-09-12 11:29:17 - BSPWM Setup: Detected 2 monitor(s): eDP-1 HDMI-1
2025-09-12 11:29:17 - BSPWM Setup: Dual monitor setup: 5 desktops per monitor
2025-09-12 11:29:17 - BSPWM Setup: Primary monitor set to eDP-1
2025-09-12 11:29:17 - BSPWM Setup: Monitor setup completed successfully
2025-09-12 11:30:39 - BSPWM Setup: Detected 2 monitor(s): eDP-1 HDMI-1
2025-09-12 11:30:39 - BSPWM Setup: Dual monitor setup: 5 desktops per monitor
2025-09-12 11:30:39 - BSPWM Setup: Primary monitor set to eDP-1
2025-09-12 11:30:39 - BSPWM Setup: Monitor setup completed successfully
2025-09-12 14:28:45 - BSPWM Setup: Detected 2 monitor(s): eDP-1 HDMI-1
2025-09-12 14:28:45 - BSPWM Setup: Dual monitor setup: 5 desktops per monitor
2025-09-12 14:28:45 - BSPWM Setup: Primary monitor set to eDP-1
2025-09-12 14:28:45 - BSPWM Setup: Monitor setup completed successfully
2025-09-13 22:10:35 - BSPWM Setup: Detected 1 monitor(s): eDP-1
2025-09-13 22:10:35 - BSPWM Setup: Single monitor setup: all 10 desktops on eDP-1
2025-09-13 22:10:35 - BSPWM Setup: Primary monitor set to eDP-1
2025-09-13 22:10:35 - BSPWM Setup: Monitor setup completed successfully
2025-09-14 14:41:27 - BSPWM Setup: Detected 2 monitor(s): eDP-1 HDMI-1
2025-09-14 14:41:27 - BSPWM Setup: Dual monitor setup: 5 desktops per monitor
2025-09-14 14:41:27 - BSPWM Setup: Primary monitor set to eDP-1
2025-09-14 14:41:27 - BSPWM Setup: Monitor setup completed successfully
2025-09-14 20:16:02 - BSPWM Setup: Detected 2 monitor(s): eDP-1 HDMI-1
2025-09-14 20:16:02 - BSPWM Setup: Dual monitor setup: 5 desktops per monitor
2025-09-14 20:16:03 - BSPWM Setup: Primary monitor set to eDP-1
2025-09-14 20:16:03 - BSPWM Setup: Monitor setup completed successfully
2025-09-14 20:26:00 - BSPWM Setup: Detected 1 monitor(s): eDP-1
2025-09-14 20:26:00 - BSPWM Setup: Single monitor setup: all 10 desktops on eDP-1
2025-09-14 20:26:00 - BSPWM Setup: Primary monitor set to eDP-1
2025-09-14 20:26:00 - BSPWM Setup: Monitor setup completed successfully
2025-09-15 08:33:27 - BSPWM Setup: Detected 2 monitor(s): eDP-1 HDMI-1
2025-09-15 08:33:27 - BSPWM Setup: Dual monitor setup: 5 desktops per monitor
2025-09-15 08:33:27 - BSPWM Setup: Primary monitor set to eDP-1
2025-09-15 08:33:27 - BSPWM Setup: Monitor setup completed successfully
2025-09-15 19:00:34 - BSPWM Setup: Detected 1 monitor(s): eDP-1
2025-09-15 19:00:34 - BSPWM Setup: Single monitor setup: all 10 desktops on eDP-1
2025-09-15 19:00:34 - BSPWM Setup: Primary monitor set to eDP-1
2025-09-15 19:00:34 - BSPWM Setup: Monitor setup completed successfully
2025-09-15 20:35:39 - BSPWM Setup: Detected 1 monitor(s): eDP-1
2025-09-15 20:35:39 - BSPWM Setup: Single monitor setup: all 10 desktops on eDP-1
2025-09-15 20:35:39 - BSPWM Setup: Primary monitor set to eDP-1
2025-09-15 20:35:39 - BSPWM Setup: Monitor setup completed successfully
2025-09-16 10:23:16 - BSPWM Setup: Detected 2 monitor(s): eDP-1 HDMI-1
2025-09-16 10:23:16 - BSPWM Setup: Dual monitor setup: 5 desktops per monitor
2025-09-16 10:23:16 - BSPWM Setup: Primary monitor set to eDP-1
2025-09-16 10:23:16 - BSPWM Setup: Monitor setup completed successfully
2025-09-16 10:41:12 - BSPWM Setup: Detected 2 monitor(s): eDP-1 HDMI-1
2025-09-16 10:41:12 - BSPWM Setup: Dual monitor setup: 5 desktops per monitor
2025-09-16 10:41:12 - BSPWM Setup: Primary monitor set to eDP-1
2025-09-16 10:41:12 - BSPWM Setup: Monitor setup completed successfully
2025-09-16 20:26:12 - BSPWM Setup: Detected 2 monitor(s): eDP-1 HDMI-1
2025-09-16 20:26:12 - BSPWM Setup: Dual monitor setup: 5 desktops per monitor
2025-09-16 20:26:12 - BSPWM Setup: Primary monitor set to eDP-1
2025-09-16 20:26:12 - BSPWM Setup: Monitor setup completed successfully
2025-09-17 19:04:41 - BSPWM Setup: Detected 2 monitor(s): eDP-1 HDMI-1
2025-09-17 19:04:41 - BSPWM Setup: Dual monitor setup: 5 desktops per monitor
2025-09-17 19:04:41 - BSPWM Setup: Primary monitor set to eDP-1
2025-09-17 19:04:41 - BSPWM Setup: Monitor setup completed successfully
2025-09-18 15:01:59 - BSPWM Setup: Detected 2 monitor(s): eDP-1 HDMI-1
2025-09-18 15:01:59 - BSPWM Setup: Dual monitor setup: 5 desktops per monitor
2025-09-18 15:01:59 - BSPWM Setup: Primary monitor set to eDP-1
2025-09-18 15:01:59 - BSPWM Setup: Monitor setup completed successfully
2025-09-19 09:03:51 - BSPWM Setup: Detected 2 monitor(s): eDP-1 HDMI-1
2025-09-19 09:03:51 - BSPWM Setup: Dual monitor setup: 5 desktops per monitor
2025-09-19 09:03:51 - BSPWM Setup: Primary monitor set to eDP-1
2025-09-19 09:03:51 - BSPWM Setup: Monitor setup completed successfully
2025-09-19 17:01:28 - BSPWM Setup: Detected 2 monitor(s): eDP-1 HDMI-1
2025-09-19 17:01:28 - BSPWM Setup: Dual monitor setup: 5 desktops per monitor
2025-09-19 17:01:28 - BSPWM Setup: Primary monitor set to eDP-1
2025-09-19 17:01:28 - BSPWM Setup: Monitor setup completed successfully
2025-09-20 14:56:45 - BSPWM Setup: Detected 2 monitor(s): eDP-1 HDMI-1
2025-09-20 14:56:45 - BSPWM Setup: Dual monitor setup: 5 desktops per monitor
2025-09-20 14:56:45 - BSPWM Setup: Primary monitor set to eDP-1
2025-09-20 14:56:45 - BSPWM Setup: Monitor setup completed successfully
2025-09-20 22:01:50 - BSPWM Setup: Detected 1 monitor(s): eDP-1
2025-09-20 22:01:50 - BSPWM Setup: Single monitor setup: all 10 desktops on eDP-1
2025-09-20 22:01:50 - BSPWM Setup: Primary monitor set to eDP-1
2025-09-20 22:01:50 - BSPWM Setup: Monitor setup completed successfully
2025-09-21 18:28:09 - BSPWM Setup: Detected 1 monitor(s): eDP-1
2025-09-21 18:28:09 - BSPWM Setup: Single monitor setup: all 10 desktops on eDP-1
2025-09-21 18:28:09 - BSPWM Setup: Primary monitor set to eDP-1
2025-09-21 18:28:09 - BSPWM Setup: Monitor setup completed successfully
2025-09-22 08:15:53 - BSPWM Setup: Detected 2 monitor(s): eDP-1 HDMI-1
2025-09-22 08:15:53 - BSPWM Setup: Dual monitor setup: 5 desktops per monitor
2025-09-22 08:15:53 - BSPWM Setup: Primary monitor set to eDP-1
2025-09-22 08:15:53 - BSPWM Setup: Monitor setup completed successfully
2025-09-22 16:31:17 - BSPWM Setup: Detected 2 monitor(s): eDP-1 HDMI-1
2025-09-22 16:31:17 - BSPWM Setup: Dual monitor setup: 5 desktops per monitor
2025-09-22 16:31:17 - BSPWM Setup: Primary monitor set to eDP-1
2025-09-22 16:31:17 - BSPWM Setup: Monitor setup completed successfully
2025-09-22 23:01:40 - BSPWM Setup: Detected 1 monitor(s): eDP-1
2025-09-22 23:01:40 - BSPWM Setup: Single monitor setup: all 10 desktops on eDP-1
2025-09-22 23:01:40 - BSPWM Setup: Primary monitor set to eDP-1
2025-09-22 23:01:40 - BSPWM Setup: Monitor setup completed successfully
2025-09-23 00:06:23 - BSPWM Setup: Detected 2 monitor(s): eDP-1 HDMI-1
2025-09-23 00:06:23 - BSPWM Setup: Dual monitor setup: 5 desktops per monitor
2025-09-23 00:06:23 - BSPWM Setup: Primary monitor set to eDP-1
2025-09-23 00:06:23 - BSPWM Setup: Monitor setup completed successfully
2025-09-23 00:11:49 - BSPWM Setup: Detected 2 monitor(s): eDP-1 HDMI-1
2025-09-23 00:11:49 - BSPWM Setup: Dual monitor setup: 5 desktops per monitor
2025-09-23 00:11:49 - BSPWM Setup: Primary monitor set to eDP-1
2025-09-23 00:11:49 - BSPWM Setup: Monitor setup completed successfully
2025-09-23 00:11:49 - BSPWM Setup: Detected 2 monitor(s): eDP-1 HDMI-1
2025-09-23 00:11:49 - BSPWM Setup: Dual monitor setup: 5 desktops per monitor
2025-09-23 00:11:49 - BSPWM Setup: Primary monitor set to eDP-1
2025-09-23 00:11:49 - BSPWM Setup: Monitor setup completed successfully
2025-09-23 10:01:41 - BSPWM Setup: Detected 2 monitor(s): eDP-1 HDMI-1
2025-09-23 10:01:41 - BSPWM Setup: Dual monitor setup: 5 desktops per monitor
2025-09-23 10:01:41 - BSPWM Setup: Primary monitor set to eDP-1
2025-09-23 10:01:41 - BSPWM Setup: Monitor setup completed successfully
2025-09-23 12:27:45 - BSPWM Setup: Detected 2 monitor(s): eDP-1 HDMI-1
2025-09-23 12:27:45 - BSPWM Setup: Dual monitor setup: 5 desktops per monitor
2025-09-23 12:27:45 - BSPWM Setup: Primary monitor set to eDP-1
2025-09-23 12:27:45 - BSPWM Setup: Monitor setup completed successfully
2025-09-23 14:19:51 - BSPWM Setup: Detected 2 monitor(s): eDP-1 HDMI-1
2025-09-23 14:19:51 - BSPWM Setup: Dual monitor setup: 5 desktops per monitor
2025-09-23 14:19:51 - BSPWM Setup: Primary monitor set to eDP-1
2025-09-23 14:19:51 - BSPWM Setup: Monitor setup completed successfully
2025-09-23 16:02:47 - BSPWM Setup: Detected 2 monitor(s): eDP-1 HDMI-1
2025-09-23 16:02:48 - BSPWM Setup: Dual monitor setup: 5 desktops per monitor
2025-09-23 16:02:48 - BSPWM Setup: Primary monitor set to eDP-1
2025-09-23 16:02:48 - BSPWM Setup: Monitor setup completed successfully
2025-09-24 10:07:25 - BSPWM Setup: Detected 2 monitor(s): eDP-1 HDMI-1
2025-09-24 10:07:25 - BSPWM Setup: Dual monitor setup: 5 desktops per monitor
2025-09-24 10:07:25 - BSPWM Setup: Primary monitor set to eDP-1
2025-09-24 10:07:25 - BSPWM Setup: Monitor setup completed successfully
2025-09-25 22:40:54 - BSPWM Setup: Detected 2 monitor(s): eDP-1 HDMI-1
2025-09-25 22:40:54 - BSPWM Setup: Dual monitor setup: 5 desktops per monitor
2025-09-25 22:40:54 - BSPWM Setup: Primary monitor set to eDP-1
2025-09-25 22:40:54 - BSPWM Setup: Monitor setup completed successfully
2025-09-26 09:44:54 - BSPWM Setup: Detected 2 monitor(s): eDP-1 HDMI-1
2025-09-26 09:44:54 - BSPWM Setup: Dual monitor setup: 5 desktops per monitor
2025-09-26 09:44:54 - BSPWM Setup: Primary monitor set to eDP-1
2025-09-26 09:44:54 - BSPWM Setup: Monitor setup completed successfully
2025-09-26 11:12:34 - BSPWM Setup: Detected 2 monitor(s): eDP-1 HDMI-1
2025-09-26 11:12:34 - BSPWM Setup: Dual monitor setup: 5 desktops per monitor
2025-09-26 11:12:34 - BSPWM Setup: Primary monitor set to eDP-1
2025-09-26 11:12:34 - BSPWM Setup: Monitor setup completed successfully
2025-09-26 15:39:09 - BSPWM Setup: Detected 2 monitor(s): eDP-1 HDMI-1
2025-09-26 15:39:09 - BSPWM Setup: Dual monitor setup: 5 desktops per monitor
2025-09-26 15:39:09 - BSPWM Setup: Primary monitor set to eDP-1
2025-09-26 15:39:09 - BSPWM Setup: Monitor setup completed successfully
2025-09-26 19:00:43 - BSPWM Setup: Detected 2 monitor(s): eDP-1 HDMI-1
2025-09-26 19:00:43 - BSPWM Setup: Dual monitor setup: 5 desktops per monitor
2025-09-26 19:00:43 - BSPWM Setup: Primary monitor set to eDP-1
2025-09-26 19:00:43 - BSPWM Setup: Monitor setup completed successfully
2025-09-27 11:37:16 - BSPWM Setup: Detected 1 monitor(s): eDP-1
2025-09-27 11:37:16 - BSPWM Setup: Single monitor setup: all 10 desktops on eDP-1
2025-09-27 11:37:16 - BSPWM Setup: Primary monitor set to eDP-1
2025-09-27 11:37:16 - BSPWM Setup: Monitor setup completed successfully
2025-09-28 13:03:53 - BSPWM Setup: Detected 1 monitor(s): eDP-1
2025-09-28 13:03:53 - BSPWM Setup: Single monitor setup: all 10 desktops on eDP-1
2025-09-28 13:03:53 - BSPWM Setup: Primary monitor set to eDP-1
2025-09-28 13:03:53 - BSPWM Setup: Monitor setup completed successfully
2025-09-28 15:22:59 - BSPWM Setup: Detected 1 monitor(s): eDP-1
2025-09-28 15:22:59 - BSPWM Setup: Single monitor setup: all 10 desktops on eDP-1
2025-09-28 15:22:59 - BSPWM Setup: Primary monitor set to eDP-1
2025-09-28 15:22:59 - BSPWM Setup: Monitor setup completed successfully
2025-09-28 22:53:44 - BSPWM Setup: Detected 1 monitor(s): eDP-1
2025-09-28 22:53:44 - BSPWM Setup: Single monitor setup: all 10 desktops on eDP-1
2025-09-28 22:53:44 - BSPWM Setup: Primary monitor set to eDP-1
2025-09-28 22:53:44 - BSPWM Setup: Monitor setup completed successfully
2025-09-29 09:20:21 - BSPWM Setup: Detected 2 monitor(s): eDP-1 HDMI-1
2025-09-29 09:20:21 - BSPWM Setup: Dual monitor setup: 5 desktops per monitor
2025-09-29 09:20:21 - BSPWM Setup: Primary monitor set to eDP-1
2025-09-29 09:20:21 - BSPWM Setup: Monitor setup completed successfully
2025-09-29 10:59:21 - BSPWM Setup: Detected 2 monitor(s): eDP-1 HDMI-1
2025-09-29 10:59:21 - BSPWM Setup: Dual monitor setup: 5 desktops per monitor
2025-09-29 10:59:21 - BSPWM Setup: Primary monitor set to eDP-1
2025-09-29 10:59:21 - BSPWM Setup: Monitor setup completed successfully
2025-09-29 19:41:57 - BSPWM Setup: Detected 1 monitor(s): eDP-1
2025-09-29 19:41:57 - BSPWM Setup: Single monitor setup: all 10 desktops on eDP-1
2025-09-29 19:41:57 - BSPWM Setup: Primary monitor set to eDP-1
2025-09-29 19:41:57 - BSPWM Setup: Monitor setup completed successfully
2025-09-30 09:57:16 - BSPWM Setup: Detected 2 monitor(s): eDP-1 HDMI-1
2025-09-30 09:57:16 - BSPWM Setup: Dual monitor setup: 5 desktops per monitor
2025-09-30 09:57:16 - BSPWM Setup: Primary monitor set to eDP-1
2025-09-30 09:57:16 - BSPWM Setup: Monitor setup completed successfully
2025-09-30 12:34:37 - BSPWM Setup: Detected 1 monitor(s): eDP-1
2025-09-30 12:34:37 - BSPWM Setup: Single monitor setup: all 10 desktops on eDP-1
2025-09-30 12:34:37 - BSPWM Setup: Primary monitor set to eDP-1
2025-09-30 12:34:37 - BSPWM Setup: Monitor setup completed successfully
2025-09-30 13:09:58 - BSPWM Setup: Detected 2 monitor(s): eDP-1 HDMI-1
2025-09-30 13:09:58 - BSPWM Setup: Dual monitor setup: 5 desktops per monitor
2025-09-30 13:09:58 - BSPWM Setup: Primary monitor set to eDP-1
2025-09-30 13:09:58 - BSPWM Setup: Monitor setup completed successfully
2025-09-30 17:17:49 - BSPWM Setup: Detected 2 monitor(s): eDP-1 HDMI-1
2025-09-30 17:17:49 - BSPWM Setup: Dual monitor setup: 5 desktops per monitor
2025-09-30 17:17:49 - BSPWM Setup: Primary monitor set to eDP-1
2025-09-30 17:17:49 - BSPWM Setup: Monitor setup completed successfully
2025-10-01 17:00:14 - BSPWM Setup: Detected 2 monitor(s): eDP-1 HDMI-1
2025-10-01 17:00:14 - BSPWM Setup: Dual monitor setup: 5 desktops per monitor
2025-10-01 17:00:14 - BSPWM Setup: Primary monitor set to eDP-1
2025-10-01 17:00:14 - BSPWM Setup: Monitor setup completed successfully
2025-10-03 10:16:16 - BSPWM Setup: Detected 2 monitor(s): eDP-1 HDMI-1
2025-10-03 10:16:16 - BSPWM Setup: Dual monitor setup: 5 desktops per monitor
2025-10-03 10:16:16 - BSPWM Setup: Primary monitor set to eDP-1
2025-10-03 10:16:16 - BSPWM Setup: Monitor setup completed successfully
2025-10-03 11:37:31 - BSPWM Setup: Detected 2 monitor(s): eDP-1 HDMI-1
2025-10-03 11:37:31 - BSPWM Setup: Dual monitor setup: 5 desktops per monitor
2025-10-03 11:37:31 - BSPWM Setup: Primary monitor set to eDP-1
2025-10-03 11:37:31 - BSPWM Setup: Monitor setup completed successfully
2025-10-04 00:25:24 - BSPWM Setup: Detected 1 monitor(s): eDP-1
2025-10-04 00:25:24 - BSPWM Setup: Single monitor setup: all 10 desktops on eDP-1
2025-10-04 00:25:24 - BSPWM Setup: Primary monitor set to eDP-1
2025-10-04 00:25:24 - BSPWM Setup: Monitor setup completed successfully
2025-10-04 01:59:14 - BSPWM Setup: Detected 1 monitor(s): eDP-1
2025-10-04 01:59:14 - BSPWM Setup: Single monitor setup: all 10 desktops on eDP-1
2025-10-04 01:59:14 - BSPWM Setup: Primary monitor set to eDP-1
2025-10-04 01:59:14 - BSPWM Setup: Monitor setup completed successfully
2025-10-04 11:50:58 - BSPWM Setup: Detected 1 monitor(s): eDP-1
2025-10-04 11:50:58 - BSPWM Setup: Single monitor setup: all 10 desktops on eDP-1
2025-10-04 11:50:58 - BSPWM Setup: Primary monitor set to eDP-1
2025-10-04 11:50:58 - BSPWM Setup: Monitor setup completed successfully
2025-10-04 23:00:30 - BSPWM Setup: Detected 1 monitor(s): eDP-1
2025-10-04 23:00:30 - BSPWM Setup: Single monitor setup: all 10 desktops on eDP-1
2025-10-04 23:00:30 - BSPWM Setup: Primary monitor set to eDP-1
2025-10-04 23:00:30 - BSPWM Setup: Monitor setup completed successfully
2025-10-05 12:57:59 - BSPWM Setup: Detected 1 monitor(s): eDP-1
2025-10-05 12:57:59 - BSPWM Setup: Single monitor setup: all 10 desktops on eDP-1
2025-10-05 12:57:59 - BSPWM Setup: Primary monitor set to eDP-1
2025-10-05 12:57:59 - BSPWM Setup: Monitor setup completed successfully
2025-10-05 15:30:20 - BSPWM Setup: Detected 1 monitor(s): eDP-1
2025-10-05 15:30:20 - BSPWM Setup: Single monitor setup: all 10 desktops on eDP-1
2025-10-05 15:30:20 - BSPWM Setup: Primary monitor set to eDP-1
2025-10-05 15:30:20 - BSPWM Setup: Monitor setup completed successfully
2025-10-05 22:12:32 - BSPWM Setup: Detected 1 monitor(s): eDP-1
2025-10-05 22:12:32 - BSPWM Setup: Single monitor setup: all 10 desktops on eDP-1
2025-10-05 22:12:32 - BSPWM Setup: Primary monitor set to eDP-1
2025-10-05 22:12:32 - BSPWM Setup: Monitor setup completed successfully
2025-10-06 11:14:48 - BSPWM Setup: Detected 1 monitor(s): eDP-1
2025-10-06 11:14:48 - BSPWM Setup: Single monitor setup: all 10 desktops on eDP-1
2025-10-06 11:14:48 - BSPWM Setup: Primary monitor set to eDP-1
2025-10-06 11:14:48 - BSPWM Setup: Monitor setup completed successfully
2025-10-06 13:35:51 - BSPWM Setup: Detected 2 monitor(s): eDP-1 HDMI-1
2025-10-06 13:35:51 - BSPWM Setup: Dual monitor setup: 5 desktops per monitor
2025-10-06 13:35:51 - BSPWM Setup: Primary monitor set to eDP-1
2025-10-06 13:35:51 - BSPWM Setup: Monitor setup completed successfully
2025-10-06 13:35:59 - BSPWM Setup: Detected 2 monitor(s): eDP-1 HDMI-1
2025-10-06 13:35:59 - BSPWM Setup: Dual monitor setup: 5 desktops per monitor
2025-10-06 13:35:59 - BSPWM Setup: Primary monitor set to eDP-1
2025-10-06 13:35:59 - BSPWM Setup: Monitor setup completed successfully
2025-10-06 13:49:19 - BSPWM Setup: Detected 2 monitor(s): eDP-1 HDMI-1
2025-10-06 13:49:19 - BSPWM Setup: Dual monitor setup: 5 desktops per monitor
2025-10-06 13:49:19 - BSPWM Setup: Primary monitor set to eDP-1
2025-10-06 13:49:19 - BSPWM Setup: Monitor setup completed successfully
2025-10-07 13:48:57 - BSPWM Setup: Detected 2 monitor(s): eDP-1 HDMI-1
2025-10-07 13:48:57 - BSPWM Setup: Dual monitor setup: 5 desktops per monitor
2025-10-07 13:48:57 - BSPWM Setup: Primary monitor set to eDP-1
2025-10-07 13:48:57 - BSPWM Setup: Monitor setup completed successfully
2025-10-07 18:48:27 - BSPWM Setup: Detected 2 monitor(s): eDP-1 HDMI-1
2025-10-07 18:48:27 - BSPWM Setup: Dual monitor setup: 5 desktops per monitor
2025-10-07 18:48:27 - BSPWM Setup: Primary monitor set to eDP-1
2025-10-07 18:48:27 - BSPWM Setup: Monitor setup completed successfully
2025-10-08 13:35:57 - BSPWM Setup: Detected 2 monitor(s): eDP-1 HDMI-1
2025-10-08 13:35:57 - BSPWM Setup: Dual monitor setup: 5 desktops per monitor
2025-10-08 13:35:57 - BSPWM Setup: Primary monitor set to eDP-1
2025-10-08 13:35:57 - BSPWM Setup: Monitor setup completed successfully
2025-10-08 20:09:53 - BSPWM Setup: Detected 1 monitor(s): eDP-1
2025-10-08 20:09:53 - BSPWM Setup: Single monitor setup: all 10 desktops on eDP-1
2025-10-08 20:09:53 - BSPWM Setup: Primary monitor set to eDP-1
2025-10-08 20:09:53 - BSPWM Setup: Monitor setup completed successfully
2025-10-09 00:19:23 - BSPWM Setup: Detected 1 monitor(s): eDP-1
2025-10-09 00:19:23 - BSPWM Setup: Single monitor setup: all 10 desktops on eDP-1
2025-10-09 00:19:23 - BSPWM Setup: Primary monitor set to eDP-1
2025-10-09 00:19:23 - BSPWM Setup: Monitor setup completed successfully
2025-10-09 00:20:35 - BSPWM Setup: Detected 1 monitor(s): eDP-1
2025-10-09 00:20:35 - BSPWM Setup: Single monitor setup: all 10 desktops on eDP-1
2025-10-09 00:20:36 - BSPWM Setup: Primary monitor set to eDP-1
2025-10-09 00:20:36 - BSPWM Setup: Monitor setup completed successfully
2025-10-13 09:32:01 - BSPWM Setup: Detected 2 monitor(s): eDP-1 HDMI-1
2025-10-13 09:32:01 - BSPWM Setup: Dual monitor setup: 5 desktops per monitor
2025-10-13 09:32:01 - BSPWM Setup: Primary monitor set to eDP-1
2025-10-13 09:32:01 - BSPWM Setup: Monitor setup completed successfully
2025-10-13 09:51:52 - BSPWM Setup: Detected 2 monitor(s): eDP-1 HDMI-1
2025-10-13 09:51:52 - BSPWM Setup: Dual monitor setup: 5 desktops per monitor
2025-10-13 09:51:52 - BSPWM Setup: Primary monitor set to eDP-1
2025-10-13 09:51:52 - BSPWM Setup: Monitor setup completed successfully
2025-10-13 11:31:10 - BSPWM Setup: Detected 2 monitor(s): eDP-1 HDMI-1
2025-10-13 11:31:10 - BSPWM Setup: Dual monitor setup: 5 desktops per monitor
2025-10-13 11:31:10 - BSPWM Setup: Primary monitor set to eDP-1
2025-10-13 11:31:10 - BSPWM Setup: Monitor setup completed successfully
2025-10-14 12:59:08 - BSPWM Setup: Detected 2 monitor(s): eDP-1 HDMI-1
2025-10-14 12:59:08 - BSPWM Setup: Dual monitor setup: 5 desktops per monitor
2025-10-14 12:59:08 - BSPWM Setup: Primary monitor set to eDP-1
2025-10-14 12:59:08 - BSPWM Setup: Monitor setup completed successfully
2025-10-15 08:44:35 - BSPWM Setup: Detected 2 monitor(s): eDP-1 HDMI-1
2025-10-15 08:44:35 - BSPWM Setup: Dual monitor setup: 5 desktops per monitor
2025-10-15 08:44:35 - BSPWM Setup: Primary monitor set to eDP-1
2025-10-15 08:44:35 - BSPWM Setup: Monitor setup completed successfully
2025-10-15 18:44:37 - BSPWM Setup: Detected 2 monitor(s): eDP-1 HDMI-1
2025-10-15 18:44:38 - BSPWM Setup: Dual monitor setup: 5 desktops per monitor
2025-10-15 18:44:38 - BSPWM Setup: Primary monitor set to eDP-1
2025-10-15 18:44:38 - BSPWM Setup: Monitor setup completed successfully
2025-10-16 10:12:44 - BSPWM Setup: Detected 2 monitor(s): eDP-1 HDMI-1
2025-10-16 10:12:44 - BSPWM Setup: Dual monitor setup: 5 desktops per monitor
2025-10-16 10:12:44 - BSPWM Setup: Primary monitor set to eDP-1
2025-10-16 10:12:44 - BSPWM Setup: Monitor setup completed successfully
2025-10-16 13:44:48 - BSPWM Setup: Detected 1 monitor(s): eDP-1
2025-10-16 13:44:48 - BSPWM Setup: Single monitor setup: all 10 desktops on eDP-1
2025-10-16 13:44:48 - BSPWM Setup: Primary monitor set to eDP-1
2025-10-16 13:44:48 - BSPWM Setup: Monitor setup completed successfully
2025-10-16 13:52:34 - BSPWM Setup: Detected 1 monitor(s): eDP-1
2025-10-16 13:52:34 - BSPWM Setup: Single monitor setup: all 10 desktops on eDP-1
2025-10-16 13:52:34 - BSPWM Setup: Primary monitor set to eDP-1
2025-10-16 13:52:34 - BSPWM Setup: Monitor setup completed successfully
2025-10-16 14:35:21 - BSPWM Setup: Detected 2 monitor(s): eDP-1 HDMI-1
2025-10-16 14:35:21 - BSPWM Setup: Dual monitor setup: 5 desktops per monitor
2025-10-16 14:35:21 - BSPWM Setup: Primary monitor set to eDP-1
2025-10-16 14:35:21 - BSPWM Setup: Monitor setup completed successfully
2025-10-16 18:37:11 - BSPWM Setup: Detected 2 monitor(s): eDP-1 HDMI-1
2025-10-16 18:37:11 - BSPWM Setup: Dual monitor setup: 5 desktops per monitor
2025-10-16 18:37:11 - BSPWM Setup: Primary monitor set to eDP-1
2025-10-16 18:37:11 - BSPWM Setup: Monitor setup completed successfully
2025-10-17 09:42:18 - BSPWM Setup: Detected 2 monitor(s): eDP-1 HDMI-1
2025-10-17 09:42:18 - BSPWM Setup: Dual monitor setup: 5 desktops per monitor
2025-10-17 09:42:18 - BSPWM Setup: Primary monitor set to eDP-1
2025-10-17 09:42:18 - BSPWM Setup: Monitor setup completed successfully
2025-10-17 11:43:43 - BSPWM Setup: Detected 2 monitor(s): eDP-1 HDMI-1
2025-10-17 11:43:43 - BSPWM Setup: Dual monitor setup: 5 desktops per monitor
2025-10-17 11:43:43 - BSPWM Setup: Primary monitor set to eDP-1
2025-10-17 11:43:43 - BSPWM Setup: Monitor setup completed successfully
2025-10-18 00:47:12 - BSPWM Setup: Detected 1 monitor(s): eDP-1
2025-10-18 00:47:12 - BSPWM Setup: Single monitor setup: all 10 desktops on eDP-1
2025-10-18 00:47:12 - BSPWM Setup: Primary monitor set to eDP-1
2025-10-18 00:47:12 - BSPWM Setup: Monitor setup completed successfully
2025-10-19 10:02:25 - BSPWM Setup: Detected 1 monitor(s): eDP-1
2025-10-19 10:02:25 - BSPWM Setup: Single monitor setup: all 10 desktops on eDP-1
2025-10-19 10:02:25 - BSPWM Setup: Primary monitor set to eDP-1
2025-10-19 10:02:25 - BSPWM Setup: Monitor setup completed successfully
2025-10-20 07:52:44 - BSPWM Setup: Detected 2 monitor(s): eDP-1 HDMI-1
2025-10-20 07:52:44 - BSPWM Setup: Dual monitor setup: 5 desktops per monitor
2025-10-20 07:52:44 - BSPWM Setup: Primary monitor set to eDP-1
2025-10-20 07:52:44 - BSPWM Setup: Monitor setup completed successfully
2025-10-20 09:23:03 - BSPWM Setup: Detected 2 monitor(s): eDP-1 HDMI-1
2025-10-20 09:23:03 - BSPWM Setup: Dual monitor setup: 5 desktops per monitor
2025-10-20 09:23:03 - BSPWM Setup: Primary monitor set to eDP-1
2025-10-20 09:23:03 - BSPWM Setup: Monitor setup completed successfully
2025-10-20 15:54:20 - BSPWM Setup: Detected 2 monitor(s): eDP-1 HDMI-1
2025-10-20 15:54:20 - BSPWM Setup: Dual monitor setup: 5 desktops per monitor
2025-10-20 15:54:20 - BSPWM Setup: Primary monitor set to eDP-1
2025-10-20 15:54:20 - BSPWM Setup: Monitor setup completed successfully
2025-10-20 22:32:02 - BSPWM Setup: Detected 2 monitor(s): eDP-1 HDMI-1
2025-10-20 22:32:02 - BSPWM Setup: Dual monitor setup: 5 desktops per monitor
2025-10-20 22:32:02 - BSPWM Setup: Primary monitor set to eDP-1
2025-10-20 22:32:02 - BSPWM Setup: Monitor setup completed successfully
2025-10-21 18:29:57 - BSPWM Setup: Detected 2 monitor(s): eDP-1 HDMI-1
2025-10-21 18:29:57 - BSPWM Setup: Dual monitor setup: 5 desktops per monitor
2025-10-21 18:29:57 - BSPWM Setup: Primary monitor set to eDP-1
2025-10-21 18:29:57 - BSPWM Setup: Monitor setup completed successfully
2025-10-21 20:31:53 - BSPWM Setup: Detected 2 monitor(s): eDP-1 HDMI-1
2025-10-21 20:31:53 - BSPWM Setup: Dual monitor setup: 5 desktops per monitor
2025-10-21 20:31:53 - BSPWM Setup: Primary monitor set to eDP-1
2025-10-21 20:31:53 - BSPWM Setup: Monitor setup completed successfully
2025-10-22 06:46:11 - BSPWM Setup: Detected 2 monitor(s): eDP-1 HDMI-1
2025-10-22 06:46:11 - BSPWM Setup: Dual monitor setup: 5 desktops per monitor
2025-10-22 06:46:11 - BSPWM Setup: Primary monitor set to eDP-1
2025-10-22 06:46:11 - BSPWM Setup: Monitor setup completed successfully
2025-10-22 12:13:23 - BSPWM Setup: Detected 2 monitor(s): eDP-1 HDMI-1
2025-10-22 12:13:23 - BSPWM Setup: Dual monitor setup: 5 desktops per monitor
2025-10-22 12:13:23 - BSPWM Setup: Primary monitor set to eDP-1
2025-10-22 12:13:23 - BSPWM Setup: Monitor setup completed successfully
2025-10-22 17:59:12 - BSPWM Setup: Detected 2 monitor(s): eDP-1 HDMI-1
2025-10-22 17:59:12 - BSPWM Setup: Dual monitor setup: 5 desktops per monitor
2025-10-22 17:59:12 - BSPWM Setup: Primary monitor set to eDP-1
2025-10-22 17:59:12 - BSPWM Setup: Monitor setup completed successfully
2025-10-22 18:03:13 - BSPWM Setup: Detected 1 monitor(s): eDP-1
2025-10-22 18:03:13 - BSPWM Setup: Single monitor setup: all 10 desktops on eDP-1
2025-10-22 18:03:13 - BSPWM Setup: Primary monitor set to eDP-1
2025-10-22 18:03:13 - BSPWM Setup: Monitor setup completed successfully
2025-10-23 08:33:20 - BSPWM Setup: Detected 2 monitor(s): eDP-1 HDMI-1
2025-10-23 08:33:20 - BSPWM Setup: Dual monitor setup: 5 desktops per monitor
2025-10-23 08:33:20 - BSPWM Setup: Primary monitor set to eDP-1
2025-10-23 08:33:20 - BSPWM Setup: Monitor setup completed successfully
2025-10-23 08:47:05 - BSPWM Setup: Detected 2 monitor(s): eDP-1 HDMI-1
2025-10-23 08:47:05 - BSPWM Setup: Dual monitor setup: 5 desktops per monitor
2025-10-23 08:47:05 - BSPWM Setup: Primary monitor set to eDP-1
2025-10-23 08:47:05 - BSPWM Setup: Monitor setup completed successfully
2025-10-23 21:47:01 - BSPWM Setup: Detected 2 monitor(s): eDP-1 HDMI-1
2025-10-23 21:47:01 - BSPWM Setup: Dual monitor setup: 5 desktops per monitor
2025-10-23 21:47:01 - BSPWM Setup: Primary monitor set to eDP-1
2025-10-23 21:47:01 - BSPWM Setup: Monitor setup completed successfully
2025-10-24 08:25:45 - BSPWM Setup: Detected 2 monitor(s): eDP-1 HDMI-1
2025-10-24 08:25:45 - BSPWM Setup: Dual monitor setup: 5 desktops per monitor
2025-10-24 08:25:45 - BSPWM Setup: Primary monitor set to eDP-1
2025-10-24 08:25:45 - BSPWM Setup: Monitor setup completed successfully
2025-10-25 20:39:59 - BSPWM Setup: Detected 2 monitor(s): eDP-1 HDMI-1
2025-10-25 20:39:59 - BSPWM Setup: Dual monitor setup: 5 desktops per monitor
2025-10-25 20:39:59 - BSPWM Setup: Primary monitor set to eDP-1
2025-10-25 20:39:59 - BSPWM Setup: Monitor setup completed successfully
2025-10-26 14:17:21 - BSPWM Setup: Detected 2 monitor(s): eDP-1 HDMI-1
2025-10-26 14:17:21 - BSPWM Setup: Dual monitor setup: 5 desktops per monitor
2025-10-26 14:17:21 - BSPWM Setup: Primary monitor set to eDP-1
2025-10-26 14:17:21 - BSPWM Setup: Monitor setup completed successfully
2025-10-27 07:27:40 - BSPWM Setup: Detected 2 monitor(s): eDP-1 HDMI-1
2025-10-27 07:27:40 - BSPWM Setup: Dual monitor setup: 5 desktops per monitor
2025-10-27 07:27:40 - BSPWM Setup: Primary monitor set to eDP-1
2025-10-27 07:27:40 - BSPWM Setup: Monitor setup completed successfully
2025-10-27 11:46:20 - BSPWM Setup: Detected 2 monitor(s): eDP-1 HDMI-1
2025-10-27 11:46:20 - BSPWM Setup: Dual monitor setup: 5 desktops per monitor
2025-10-27 11:46:20 - BSPWM Setup: Primary monitor set to eDP-1
2025-10-27 11:46:20 - BSPWM Setup: Monitor setup completed successfully
2025-10-27 12:46:02 - BSPWM Setup: Detected 2 monitor(s): eDP-1 HDMI-1
2025-10-27 12:46:02 - BSPWM Setup: Dual monitor setup: 5 desktops per monitor
2025-10-27 12:46:02 - BSPWM Setup: Primary monitor set to eDP-1
2025-10-27 12:46:02 - BSPWM Setup: Monitor setup completed successfully
2025-10-27 14:10:39 - BSPWM Setup: Detected 2 monitor(s): eDP-1 HDMI-1
2025-10-27 14:10:39 - BSPWM Setup: Dual monitor setup: 5 desktops per monitor
2025-10-27 14:10:39 - BSPWM Setup: Primary monitor set to eDP-1
2025-10-27 14:10:39 - BSPWM Setup: Monitor setup completed successfully
2025-10-27 15:54:04 - BSPWM Setup: Detected 2 monitor(s): eDP-1 HDMI-1
2025-10-27 15:54:04 - BSPWM Setup: Dual monitor setup: 5 desktops per monitor
2025-10-27 15:54:04 - BSPWM Setup: Primary monitor set to eDP-1
2025-10-27 15:54:04 - BSPWM Setup: Monitor setup completed successfully
2025-10-27 20:18:28 - BSPWM Setup: Detected 1 monitor(s): eDP-1
2025-10-27 20:18:28 - BSPWM Setup: Single monitor setup: all 10 desktops on eDP-1
2025-10-27 20:18:28 - BSPWM Setup: Primary monitor set to eDP-1
2025-10-27 20:18:28 - BSPWM Setup: Monitor setup completed successfully
2025-10-28 09:45:46 - BSPWM Setup: Detected 2 monitor(s): eDP-1 HDMI-1
2025-10-28 09:45:46 - BSPWM Setup: Dual monitor setup: 5 desktops per monitor
2025-10-28 09:45:46 - BSPWM Setup: Primary monitor set to eDP-1
2025-10-28 09:45:46 - BSPWM Setup: Monitor setup completed successfully
2025-10-28 10:49:30 - BSPWM Setup: Detected 1 monitor(s): eDP-1
2025-10-28 10:49:30 - BSPWM Setup: Single monitor setup: all 10 desktops on eDP-1
2025-10-28 10:49:30 - BSPWM Setup: Primary monitor set to eDP-1
2025-10-28 10:49:30 - BSPWM Setup: Monitor setup completed successfully
2025-10-28 23:53:47 - BSPWM Setup: Detected 1 monitor(s): eDP-1
2025-10-28 23:53:47 - BSPWM Setup: Single monitor setup: all 10 desktops on eDP-1
2025-10-28 23:53:47 - BSPWM Setup: Primary monitor set to eDP-1
2025-10-28 23:53:47 - BSPWM Setup: Monitor setup completed successfully
2025-10-29 23:34:52 - BSPWM Setup: Detected 1 monitor(s): eDP-1
2025-10-29 23:34:52 - BSPWM Setup: Single monitor setup: all 10 desktops on eDP-1
2025-10-29 23:34:52 - BSPWM Setup: Primary monitor set to eDP-1
2025-10-29 23:34:52 - BSPWM Setup: Monitor setup completed successfully
2025-10-31 08:45:14 - BSPWM Setup: Detected 2 monitor(s): eDP-1 HDMI-1
2025-10-31 08:45:14 - BSPWM Setup: Dual monitor setup: 5 desktops per monitor
2025-10-31 08:45:14 - BSPWM Setup: Primary monitor set to eDP-1
2025-10-31 08:45:14 - BSPWM Setup: Monitor setup completed successfully
2025-10-31 09:11:05 - BSPWM Setup: Detected 2 monitor(s): eDP-1 HDMI-1
2025-10-31 09:11:05 - BSPWM Setup: Dual monitor setup: 5 desktops per monitor
2025-10-31 09:11:05 - BSPWM Setup: Primary monitor set to eDP-1
2025-10-31 09:11:05 - BSPWM Setup: Monitor setup completed successfully
2025-10-31 21:42:18 - BSPWM Setup: Detected 1 monitor(s): eDP-1
2025-10-31 21:42:18 - BSPWM Setup: Single monitor setup: all 10 desktops on eDP-1
2025-10-31 21:42:18 - BSPWM Setup: Primary monitor set to eDP-1
2025-10-31 21:42:18 - BSPWM Setup: Monitor setup completed successfully
2025-11-03 08:07:50 - BSPWM Setup: Detected 2 monitor(s): eDP-1 HDMI-1
2025-11-03 08:07:50 - BSPWM Setup: Dual monitor setup: 5 desktops per monitor
2025-11-03 08:07:50 - BSPWM Setup: Primary monitor set to eDP-1
2025-11-03 08:07:50 - BSPWM Setup: Monitor setup completed successfully
2025-11-03 22:59:50 - BSPWM Setup: Detected 1 monitor(s): eDP-1
2025-11-03 22:59:50 - BSPWM Setup: Single monitor setup: all 10 desktops on eDP-1
2025-11-03 22:59:50 - BSPWM Setup: Primary monitor set to eDP-1
2025-11-03 22:59:50 - BSPWM Setup: Monitor setup completed successfully
2025-11-04 10:18:22 - BSPWM Setup: Detected 2 monitor(s): eDP-1 HDMI-1
2025-11-04 10:18:22 - BSPWM Setup: Dual monitor setup: 5 desktops per monitor
2025-11-04 10:18:22 - BSPWM Setup: Primary monitor set to eDP-1
2025-11-04 10:18:22 - BSPWM Setup: Monitor setup completed successfully
2025-11-05 13:49:11 - BSPWM Setup: Detected 1 monitor(s): eDP-1
2025-11-05 13:49:11 - BSPWM Setup: Single monitor setup: all 10 desktops on eDP-1
2025-11-05 13:49:11 - BSPWM Setup: Primary monitor set to eDP-1
2025-11-05 13:49:11 - BSPWM Setup: Monitor setup completed successfully
2025-11-05 13:55:11 - BSPWM Setup: Detected 1 monitor(s): eDP-1
2025-11-05 13:55:11 - BSPWM Setup: Single monitor setup: all 10 desktops on eDP-1
2025-11-05 13:55:11 - BSPWM Setup: Primary monitor set to eDP-1
2025-11-05 13:55:11 - BSPWM Setup: Monitor setup completed successfully
2025-11-05 13:58:03 - BSPWM Setup: Detected 1 monitor(s): eDP-1
2025-11-05 13:58:03 - BSPWM Setup: Single monitor setup: all 10 desktops on eDP-1
2025-11-05 13:58:03 - BSPWM Setup: Primary monitor set to eDP-1
2025-11-05 13:58:03 - BSPWM Setup: Monitor setup completed successfully
2025-11-06 06:14:51 - BSPWM Setup: Detected 2 monitor(s): eDP-1 HDMI-1
2025-11-06 06:14:51 - BSPWM Setup: Dual monitor setup: 5 desktops per monitor
2025-11-06 06:14:51 - BSPWM Setup: Primary monitor set to eDP-1
2025-11-06 06:14:51 - BSPWM Setup: Monitor setup completed successfully
2025-11-06 22:00:29 - BSPWM Setup: Detected 2 monitor(s): eDP-1 HDMI-1
2025-11-06 22:00:29 - BSPWM Setup: Dual monitor setup: 5 desktops per monitor
2025-11-06 22:00:29 - BSPWM Setup: Primary monitor set to eDP-1
2025-11-06 22:00:29 - BSPWM Setup: Monitor setup completed successfully
2025-11-07 09:40:55 - BSPWM Setup: Detected 2 monitor(s): eDP-1 HDMI-1
2025-11-07 09:40:55 - BSPWM Setup: Dual monitor setup: 5 desktops per monitor
2025-11-07 09:40:55 - BSPWM Setup: Primary monitor set to eDP-1
2025-11-07 09:40:55 - BSPWM Setup: Monitor setup completed successfully
2025-11-07 18:48:39 - BSPWM Setup: Detected 2 monitor(s): eDP-1 HDMI-1
2025-11-07 18:48:39 - BSPWM Setup: Dual monitor setup: 5 desktops per monitor
2025-11-07 18:48:39 - BSPWM Setup: Primary monitor set to eDP-1
2025-11-07 18:48:39 - BSPWM Setup: Monitor setup completed successfully
2025-11-07 19:11:10 - BSPWM Setup: Detected 2 monitor(s): eDP-1 HDMI-1
2025-11-07 19:11:10 - BSPWM Setup: Dual monitor setup: 5 desktops per monitor
2025-11-07 19:11:10 - BSPWM Setup: Primary monitor set to eDP-1
2025-11-07 19:11:10 - BSPWM Setup: Monitor setup completed successfully
2025-11-07 19:16:40 - BSPWM Setup: Detected 2 monitor(s): eDP-1 HDMI-1
2025-11-07 19:16:40 - BSPWM Setup: Dual monitor setup: 5 desktops per monitor
2025-11-07 19:16:40 - BSPWM Setup: Primary monitor set to eDP-1
2025-11-07 19:16:40 - BSPWM Setup: Monitor setup completed successfully
2025-11-07 19:19:48 - BSPWM Setup: Detected 2 monitor(s): eDP-1 HDMI-1
2025-11-07 19:19:48 - BSPWM Setup: Dual monitor setup: 5 desktops per monitor
2025-11-07 19:19:48 - BSPWM Setup: Primary monitor set to eDP-1
2025-11-07 19:19:48 - BSPWM Setup: Monitor setup completed successfully
2025-11-09 01:01:52 - BSPWM Setup: Detected 2 monitor(s): eDP-1 HDMI-1
2025-11-09 01:01:52 - BSPWM Setup: Dual monitor setup: 5 desktops per monitor
2025-11-09 01:01:52 - BSPWM Setup: Primary monitor set to eDP-1
2025-11-09 01:01:52 - BSPWM Setup: Monitor setup completed successfully
2025-11-09 01:04:16 - BSPWM Setup: Detected 2 monitor(s): eDP-1 HDMI-1
2025-11-09 01:04:16 - BSPWM Setup: Dual monitor setup: 5 desktops per monitor
2025-11-09 01:04:16 - BSPWM Setup: Primary monitor set to eDP-1
2025-11-09 01:04:16 - BSPWM Setup: Monitor setup completed successfully
2025-11-09 01:04:38 - BSPWM Setup: Detected 2 monitor(s): eDP-1 HDMI-1
2025-11-09 01:04:38 - BSPWM Setup: Dual monitor setup: 5 desktops per monitor
2025-11-09 01:04:38 - BSPWM Setup: Primary monitor set to eDP-1
2025-11-09 01:04:38 - BSPWM Setup: Monitor setup completed successfully
2025-11-09 01:06:43 - BSPWM Setup: Detected 2 monitor(s): eDP-1 HDMI-1
2025-11-09 01:06:43 - BSPWM Setup: Laptop lid closed detected - assigning all desktops to external monitor(s)
2025-11-09 01:06:43 - BSPWM Setup: Single external monitor: HDMI-1 - assigning all 10 desktops
2025-11-09 01:06:43 - BSPWM Setup: Single monitor setup: all 10 desktops on HDMI-1
2025-11-09 01:06:43 - BSPWM Setup: Primary monitor set to HDMI-1
2025-11-09 01:06:43 - BSPWM Setup: Monitor setup completed successfully
2025-11-09 01:13:52 - BSPWM Setup: Detected 2 monitor(s): eDP-1 HDMI-1
2025-11-09 01:13:52 - BSPWM Setup: Laptop lid closed detected - assigning all desktops to external monitor(s)
2025-11-09 01:13:52 - BSPWM Setup: Single external monitor: HDMI-1 - assigning all 10 desktops
2025-11-09 01:13:52 - BSPWM Setup: Single monitor setup: all 10 desktops on HDMI-1
2025-11-09 01:13:52 - BSPWM Setup: Primary monitor set to HDMI-1
2025-11-09 01:13:52 - BSPWM Setup: Monitor setup completed successfully
2025-11-09 01:35:02 - BSPWM Setup: Detected 2 monitor(s): eDP-1 HDMI-1
2025-11-09 01:35:02 - BSPWM Setup: Laptop lid closed detected - disabling laptop display and using external monitor(s)
2025-11-09 01:35:02 - BSPWM Setup: Disabled laptop display: eDP-1
2025-11-09 01:35:02 - BSPWM Setup: Single external monitor: HDMI-1 - assigning all 10 desktops
2025-11-09 01:35:05 - BSPWM Setup: Removing inactive monitor: eDP-1
2025-11-09 01:35:05 - BSPWM Setup: Single monitor setup: all 10 desktops on HDMI-1
2025-11-09 01:35:05 - BSPWM Setup: Primary monitor set to HDMI-1
2025-11-09 01:35:05 - BSPWM Setup: Monitor setup completed successfully
2025-11-09 19:13:40 - BSPWM Setup: Detected 1 monitor(s): eDP-1
2025-11-09 19:13:40 - BSPWM Setup: Single monitor setup: all 10 desktops on eDP-1
2025-11-09 19:13:40 - BSPWM Setup: Primary monitor set to eDP-1
2025-11-09 19:13:40 - BSPWM Setup: Monitor setup completed successfully
2025-11-10 07:45:49 - BSPWM Setup: Detected 2 monitor(s): eDP-1 HDMI-1
2025-11-10 07:45:50 - BSPWM Setup: Dual monitor setup: 5 desktops per monitor
2025-11-10 07:45:50 - BSPWM Setup: Primary monitor set to eDP-1
2025-11-10 07:45:50 - BSPWM Setup: Monitor setup completed successfully
2025-11-10 16:27:49 - BSPWM Setup: Detected 2 monitor(s): eDP-1 HDMI-1
2025-11-10 16:27:49 - BSPWM Setup: Laptop lid closed detected - disabling laptop display and using external monitor(s)
2025-11-10 16:27:49 - BSPWM Setup: Disabled laptop display: eDP-1
2025-11-10 16:27:49 - BSPWM Setup: Single external monitor: HDMI-1 - assigning all 10 desktops
2025-11-10 16:27:52 - BSPWM Setup: Removing inactive monitor: eDP-1
2025-11-10 16:27:52 - BSPWM Setup: Single monitor setup: all 10 desktops on HDMI-1
2025-11-10 16:27:52 - BSPWM Setup: Primary monitor set to HDMI-1
2025-11-10 16:27:52 - BSPWM Setup: Monitor setup completed successfully
2025-11-10 18:59:56 - BSPWM Setup: Detected 2 monitor(s): eDP-1 HDMI-1
2025-11-10 18:59:56 - BSPWM Setup: Laptop lid closed detected - disabling laptop display and using external monitor(s)
2025-11-10 18:59:56 - BSPWM Setup: Disabled laptop display: eDP-1
2025-11-10 18:59:56 - BSPWM Setup: Single external monitor: HDMI-1 - assigning all 10 desktops
2025-11-10 18:59:59 - BSPWM Setup: Removing inactive monitor: eDP-1
2025-11-10 18:59:59 - BSPWM Setup: Single monitor setup: all 10 desktops on HDMI-1
2025-11-10 18:59:59 - BSPWM Setup: Primary monitor set to HDMI-1
2025-11-10 18:59:59 - BSPWM Setup: Monitor setup completed successfully
2025-11-10 23:54:19 - BSPWM Setup: Detected 2 monitor(s): eDP-1 HDMI-1
2025-11-10 23:54:19 - BSPWM Setup: Laptop lid closed detected - disabling laptop display and using external monitor(s)
2025-11-10 23:54:19 - BSPWM Setup: Disabled laptop display: eDP-1
2025-11-10 23:54:19 - BSPWM Setup: Single external monitor: HDMI-1 - assigning all 10 desktops
2025-11-10 23:54:22 - BSPWM Setup: Removing inactive monitor: eDP-1
2025-11-10 23:54:22 - BSPWM Setup: Single monitor setup: all 10 desktops on HDMI-1
2025-11-10 23:54:22 - BSPWM Setup: Primary monitor set to HDMI-1
2025-11-10 23:54:22 - BSPWM Setup: Monitor setup completed successfully
2025-11-12 10:48:55 - BSPWM Setup: Detected 2 monitor(s): eDP-1 HDMI-1
2025-11-12 10:48:56 - BSPWM Setup: Laptop lid closed detected - disabling laptop display and using external monitor(s)
2025-11-12 10:48:56 - BSPWM Setup: Disabled laptop display: eDP-1
2025-11-12 10:48:56 - BSPWM Setup: Single external monitor: HDMI-1 - assigning all 10 desktops
2025-11-12 10:48:58 - BSPWM Setup: Removing inactive monitor: eDP-1
2025-11-12 10:48:58 - BSPWM Setup: Single monitor setup: all 10 desktops on HDMI-1
2025-11-12 10:48:59 - BSPWM Setup: Primary monitor set to HDMI-1
2025-11-12 10:48:59 - BSPWM Setup: Monitor setup completed successfully
2025-11-12 19:38:40 - BSPWM Setup: Detected 2 monitor(s): eDP-1 HDMI-1
2025-11-12 19:38:41 - BSPWM Setup: Laptop lid closed detected - disabling laptop display and using external monitor(s)
2025-11-12 19:38:41 - BSPWM Setup: Disabled laptop display: eDP-1
2025-11-12 19:38:41 - BSPWM Setup: Single external monitor: HDMI-1 - assigning all 10 desktops
2025-11-12 19:38:44 - BSPWM Setup: Removing inactive monitor: eDP-1
2025-11-12 19:38:44 - BSPWM Setup: Single monitor setup: all 10 desktops on HDMI-1
2025-11-12 19:38:44 - BSPWM Setup: Primary monitor set to HDMI-1
2025-11-12 19:38:44 - BSPWM Setup: Monitor setup completed successfully
2025-11-13 12:59:27 - BSPWM Setup: Detected 2 monitor(s): eDP-1 HDMI-1
2025-11-13 12:59:27 - BSPWM Setup: Laptop lid closed detected - disabling laptop display and using external monitor(s)
2025-11-13 12:59:28 - BSPWM Setup: Disabled laptop display: eDP-1
2025-11-13 12:59:28 - BSPWM Setup: Single external monitor: HDMI-1 - assigning all 10 desktops
2025-11-13 12:59:30 - BSPWM Setup: Removing inactive monitor: eDP-1
2025-11-13 12:59:30 - BSPWM Setup: Single monitor setup: all 10 desktops on HDMI-1
2025-11-13 12:59:30 - BSPWM Setup: Primary monitor set to HDMI-1
2025-11-13 12:59:30 - BSPWM Setup: Monitor setup completed successfully
2025-11-14 08:24:51 - BSPWM Setup: Detected 2 monitor(s): eDP-1 HDMI-1
2025-11-14 08:24:51 - BSPWM Setup: Dual monitor setup: 5 desktops per monitor
2025-11-14 08:24:51 - BSPWM Setup: Primary monitor set to eDP-1
2025-11-14 08:24:51 - BSPWM Setup: Monitor setup completed successfully
2025-11-14 19:35:49 - BSPWM Setup: Detected 1 monitor(s): eDP-1
2025-11-14 19:35:49 - BSPWM Setup: Single monitor setup: all 10 desktops on eDP-1
2025-11-14 19:35:49 - BSPWM Setup: Primary monitor set to eDP-1
2025-11-14 19:35:49 - BSPWM Setup: Monitor setup completed successfully
2025-11-14 20:53:52 - BSPWM Setup: Detected 2 monitor(s): eDP-1 HDMI-1
2025-11-14 20:53:52 - BSPWM Setup: Laptop lid closed detected - disabling laptop display and using external monitor(s)
2025-11-14 20:53:53 - BSPWM Setup: Disabled laptop display: eDP-1
2025-11-14 20:53:53 - BSPWM Setup: Single external monitor: HDMI-1 - assigning all 10 desktops
2025-11-14 20:53:55 - BSPWM Setup: Removing inactive monitor: eDP-1
2025-11-14 20:53:55 - BSPWM Setup: Single monitor setup: all 10 desktops on HDMI-1
2025-11-14 20:53:55 - BSPWM Setup: Primary monitor set to HDMI-1
2025-11-14 20:53:55 - BSPWM Setup: Monitor setup completed successfully
2025-11-17 08:14:21 - BSPWM Setup: Detected 2 monitor(s): eDP-1 HDMI-1
2025-11-17 08:14:22 - BSPWM Setup: Dual monitor setup: 5 desktops per monitor
2025-11-17 08:14:22 - BSPWM Setup: Primary monitor set to eDP-1
2025-11-17 08:14:22 - BSPWM Setup: Monitor setup completed successfully
2025-11-17 17:08:33 - BSPWM Setup: Detected 1 monitor(s): eDP-1
2025-11-17 17:08:33 - BSPWM Setup: Single monitor setup: all 10 desktops on eDP-1
2025-11-17 17:08:34 - BSPWM Setup: Primary monitor set to eDP-1
2025-11-17 17:08:34 - BSPWM Setup: Monitor setup completed successfully
2025-11-17 19:51:13 - BSPWM Setup: Detected 1 monitor(s): eDP-1
2025-11-17 19:51:13 - BSPWM Setup: Single monitor setup: all 10 desktops on eDP-1
2025-11-17 19:51:13 - BSPWM Setup: Primary monitor set to eDP-1
2025-11-17 19:51:13 - BSPWM Setup: Monitor setup completed successfully
2025-11-17 20:35:20 - BSPWM Setup: Detected 1 monitor(s): eDP-1
2025-11-17 20:35:20 - BSPWM Setup: Single monitor setup: all 10 desktops on eDP-1
2025-11-17 20:35:20 - BSPWM Setup: Primary monitor set to eDP-1
2025-11-17 20:35:20 - BSPWM Setup: Monitor setup completed successfully
2025-11-18 08:50:31 - BSPWM Setup: Detected 2 monitor(s): eDP-1 HDMI-1
2025-11-18 08:50:32 - BSPWM Setup: Laptop lid closed detected - disabling laptop display and using external monitor(s)
2025-11-18 08:50:32 - BSPWM Setup: Disabled laptop display: eDP-1
2025-11-18 08:50:32 - BSPWM Setup: Single external monitor: HDMI-1 - assigning all 10 desktops
2025-11-18 08:50:34 - BSPWM Setup: Removing inactive monitor: eDP-1
2025-11-18 08:50:34 - BSPWM Setup: Single monitor setup: all 10 desktops on HDMI-1
2025-11-18 08:50:34 - BSPWM Setup: Primary monitor set to HDMI-1
2025-11-18 08:50:34 - BSPWM Setup: Monitor setup completed successfully
2025-11-18 11:58:46 - BSPWM Setup: Detected 2 monitor(s): eDP-1 HDMI-1
2025-11-18 11:58:46 - BSPWM Setup: Laptop lid closed detected - disabling laptop display and using external monitor(s)
2025-11-18 11:58:47 - BSPWM Setup: Disabled laptop display: eDP-1
2025-11-18 11:58:47 - BSPWM Setup: Single external monitor: HDMI-1 - assigning all 10 desktops
2025-11-18 11:58:49 - BSPWM Setup: Removing inactive monitor: eDP-1
2025-11-18 11:58:49 - BSPWM Setup: Single monitor setup: all 10 desktops on HDMI-1
2025-11-18 11:58:49 - BSPWM Setup: Primary monitor set to HDMI-1
2025-11-18 11:58:49 - BSPWM Setup: Monitor setup completed successfully
2025-11-18 20:20:57 - BSPWM Setup: Detected 2 monitor(s): eDP-1 HDMI-1
2025-11-18 20:20:58 - BSPWM Setup: Laptop lid closed detected - disabling laptop display and using external monitor(s)
2025-11-18 20:20:58 - BSPWM Setup: Disabled laptop display: eDP-1
2025-11-18 20:20:58 - BSPWM Setup: Single external monitor: HDMI-1 - assigning all 10 desktops
2025-11-18 20:21:00 - BSPWM Setup: Removing inactive monitor: eDP-1
2025-11-18 20:21:00 - BSPWM Setup: Single monitor setup: all 10 desktops on HDMI-1
2025-11-18 20:21:00 - BSPWM Setup: Primary monitor set to HDMI-1
2025-11-18 20:21:00 - BSPWM Setup: Monitor setup completed successfully
2025-11-19 21:44:16 - BSPWM Setup: Detected 1 monitor(s): eDP-1
2025-11-19 21:44:16 - BSPWM Setup: Laptop lid open - re-enabling laptop display: eDP-1
2025-11-19 21:44:16 - BSPWM Setup: Enabled laptop display: eDP-1 (single monitor mode)
2025-11-19 21:44:17 - BSPWM Setup: Removing inactive monitor: HDMI-1
2025-11-19 21:44:17 - BSPWM Setup: Single monitor setup: all 10 desktops on eDP-1
2025-11-19 21:44:17 - BSPWM Setup: Primary monitor set to eDP-1
2025-11-19 21:44:17 - BSPWM Setup: Monitor setup completed successfully
2025-11-19 21:44:27 - BSPWM Setup: Detected 1 monitor(s): eDP-1
2025-11-19 21:44:27 - BSPWM Setup: Single monitor setup: all 10 desktops on eDP-1
2025-11-19 21:44:27 - BSPWM Setup: Primary monitor set to eDP-1
2025-11-19 21:44:27 - BSPWM Setup: Monitor setup completed successfully
2025-11-19 21:44:36 - BSPWM Setup: Detected 1 monitor(s): eDP-1
2025-11-19 21:44:36 - BSPWM Setup: Single monitor setup: all 10 desktops on eDP-1
2025-11-19 21:44:36 - BSPWM Setup: Primary monitor set to eDP-1
2025-11-19 21:44:36 - BSPWM Setup: Monitor setup completed successfully
2025-11-19 21:52:28 - BSPWM Setup: Detected 1 monitor(s): eDP-1
2025-11-19 21:52:28 - BSPWM Setup: Single monitor setup: all 10 desktops on eDP-1
2025-11-19 21:52:28 - BSPWM Setup: Primary monitor set to eDP-1
2025-11-19 21:52:28 - BSPWM Setup: Monitor setup completed successfully
2025-11-20 09:18:44 - BSPWM Setup: Detected 2 monitor(s): eDP-1 HDMI-1
2025-11-20 09:18:44 - BSPWM Setup: Laptop lid closed detected - disabling laptop display and using external monitor(s)
2025-11-20 09:18:44 - BSPWM Setup: Disabled laptop display: eDP-1
2025-11-20 09:18:44 - BSPWM Setup: Single external monitor: HDMI-1 - assigning all 10 desktops
2025-11-20 09:18:46 - BSPWM Setup: Removing inactive monitor: eDP-1
2025-11-20 09:18:46 - BSPWM Setup: Single monitor setup: all 10 desktops on HDMI-1
2025-11-20 09:18:46 - BSPWM Setup: Primary monitor set to HDMI-1
2025-11-20 09:18:46 - BSPWM Setup: Monitor setup completed successfully
2025-11-20 09:21:49 - BSPWM Setup: Detected 2 monitor(s): eDP-1 HDMI-1
2025-11-20 09:21:49 - BSPWM Setup: Laptop lid closed detected - disabling laptop display and using external monitor(s)
2025-11-20 09:21:50 - BSPWM Setup: Disabled laptop display: eDP-1
2025-11-20 09:21:50 - BSPWM Setup: Single external monitor: HDMI-1 - assigning all 10 desktops
2025-11-20 09:21:52 - BSPWM Setup: Removing inactive monitor: eDP-1
2025-11-20 09:21:52 - BSPWM Setup: Single monitor setup: all 10 desktops on HDMI-1
2025-11-20 09:21:52 - BSPWM Setup: Primary monitor set to HDMI-1
2025-11-20 09:21:52 - BSPWM Setup: Monitor setup completed successfully
2025-11-20 16:16:26 - BSPWM Setup: Detected 2 monitor(s): eDP-1 HDMI-1
2025-11-20 16:16:27 - BSPWM Setup: Laptop lid closed detected - disabling laptop display and using external monitor(s)
2025-11-20 16:16:27 - BSPWM Setup: Disabled laptop display: eDP-1
2025-11-20 16:16:27 - BSPWM Setup: Single external monitor: HDMI-1 - assigning all 10 desktops
2025-11-20 16:16:30 - BSPWM Setup: Removing inactive monitor: eDP-1
2025-11-20 16:16:30 - BSPWM Setup: Single monitor setup: all 10 desktops on HDMI-1
2025-11-20 16:16:30 - BSPWM Setup: Primary monitor set to HDMI-1
2025-11-20 16:16:30 - BSPWM Setup: Monitor setup completed successfully
2025-11-21 08:20:43 - BSPWM Setup: Detected 2 monitor(s): eDP-1 HDMI-1
2025-11-21 08:20:43 - BSPWM Setup: Dual monitor setup: 5 desktops per monitor
2025-11-21 08:20:43 - BSPWM Setup: Primary monitor set to eDP-1
2025-11-21 08:20:43 - BSPWM Setup: Monitor setup completed successfully
2025-11-21 16:19:49 - BSPWM Setup: Detected 2 monitor(s): eDP-1 HDMI-1
2025-11-21 16:19:50 - BSPWM Setup: Laptop lid closed detected - disabling laptop display and using external monitor(s)
2025-11-21 16:19:50 - BSPWM Setup: Disabled laptop display: eDP-1
2025-11-21 16:19:50 - BSPWM Setup: Single external monitor: HDMI-1 - assigning all 10 desktops
2025-11-21 16:19:52 - BSPWM Setup: Removing inactive monitor: eDP-1
2025-11-21 16:19:52 - BSPWM Setup: Single monitor setup: all 10 desktops on HDMI-1
2025-11-21 16:19:52 - BSPWM Setup: Primary monitor set to HDMI-1
2025-11-21 16:19:52 - BSPWM Setup: Monitor setup completed successfully
2025-11-24 08:25:27 - BSPWM Setup: Detected 2 monitor(s): eDP-1 HDMI-1
2025-11-24 08:25:27 - BSPWM Setup: Dual monitor setup: 5 desktops per monitor
2025-11-24 08:25:27 - BSPWM Setup: Primary monitor set to eDP-1
2025-11-24 08:25:27 - BSPWM Setup: Monitor setup completed successfully
2025-11-24 17:36:12 - BSPWM Setup: Detected 1 monitor(s): eDP-1
2025-11-24 17:36:12 - BSPWM Setup: Single monitor setup: all 10 desktops on eDP-1
2025-11-24 17:36:12 - BSPWM Setup: Primary monitor set to eDP-1
2025-11-24 17:36:12 - BSPWM Setup: Monitor setup completed successfully
2025-11-24 20:20:48 - BSPWM Setup: Detected 1 monitor(s): eDP-1
2025-11-24 20:20:48 - BSPWM Setup: Single monitor setup: all 10 desktops on eDP-1
2025-11-24 20:20:48 - BSPWM Setup: Primary monitor set to eDP-1
2025-11-24 20:20:48 - BSPWM Setup: Monitor setup completed successfully
2025-11-24 20:48:44 - BSPWM Setup: Detected 1 monitor(s): eDP-1
2025-11-24 20:48:44 - BSPWM Setup: Single monitor setup: all 10 desktops on eDP-1
2025-11-24 20:48:44 - BSPWM Setup: Primary monitor set to eDP-1
2025-11-24 20:48:44 - BSPWM Setup: Monitor setup completed successfully
2025-11-24 23:38:45 - BSPWM Setup: Detected 2 monitor(s): eDP-1 HDMI-1
2025-11-24 23:38:45 - BSPWM Setup: Laptop lid closed detected - disabling laptop display and using external monitor(s)
2025-11-24 23:38:45 - BSPWM Setup: Disabled laptop display: eDP-1
2025-11-24 23:38:45 - BSPWM Setup: Single external monitor: HDMI-1 - assigning all 10 desktops
2025-11-24 23:38:48 - BSPWM Setup: Removing inactive monitor: eDP-1
2025-11-24 23:38:48 - BSPWM Setup: Single monitor setup: all 10 desktops on HDMI-1
2025-11-24 23:38:48 - BSPWM Setup: Primary monitor set to HDMI-1
2025-11-24 23:38:48 - BSPWM Setup: Monitor setup completed successfully
2025-11-25 14:54:44 - BSPWM Setup: Detected 2 monitor(s): eDP-1 HDMI-1
2025-11-25 14:54:44 - BSPWM Setup: Laptop lid closed detected - disabling laptop display and using external monitor(s)
2025-11-25 14:54:45 - BSPWM Setup: Disabled laptop display: eDP-1
2025-11-25 14:54:45 - BSPWM Setup: Single external monitor: HDMI-1 - assigning all 10 desktops
2025-11-25 14:54:47 - BSPWM Setup: Removing inactive monitor: eDP-1
2025-11-25 14:54:47 - BSPWM Setup: Single monitor setup: all 10 desktops on HDMI-1
2025-11-25 14:54:47 - BSPWM Setup: Primary monitor set to HDMI-1
2025-11-25 14:54:47 - BSPWM Setup: Monitor setup completed successfully
2025-11-27 22:24:05 - BSPWM Setup: Detected 1 monitor(s): eDP-1
2025-11-27 22:24:05 - BSPWM Setup: Single monitor setup: all 10 desktops on eDP-1
2025-11-27 22:24:05 - BSPWM Setup: Primary monitor set to eDP-1
2025-11-27 22:24:05 - BSPWM Setup: Monitor setup completed successfully
2025-11-28 08:39:11 - BSPWM Setup: Detected 2 monitor(s): eDP-1 HDMI-1
2025-11-28 08:39:11 - BSPWM Setup: Dual monitor setup: 5 desktops per monitor
2025-11-28 08:39:12 - BSPWM Setup: Primary monitor set to eDP-1
2025-11-28 08:39:12 - BSPWM Setup: Monitor setup completed successfully
2025-11-28 17:41:29 - BSPWM Setup: Detected 2 monitor(s): eDP-1 HDMI-1
2025-11-28 17:41:29 - BSPWM Setup: Dual monitor setup: 5 desktops per monitor
2025-11-28 17:41:29 - BSPWM Setup: Primary monitor set to eDP-1
2025-11-28 17:41:29 - BSPWM Setup: Monitor setup completed successfully
2025-11-28 19:07:44 - BSPWM Setup: Detected 1 monitor(s): eDP-1
2025-11-28 19:07:45 - BSPWM Setup: Single monitor setup: all 10 desktops on eDP-1
2025-11-28 19:07:45 - BSPWM Setup: Primary monitor set to eDP-1
2025-11-28 19:07:45 - BSPWM Setup: Monitor setup completed successfully
